<?xml version="1.0" encoding="utf-8"?><testsuite errors="0" failures="35" name="pytest" skips="0" tests="183" time="3.412"><testcase classname="test_submit" file="test_submit.py" line="8" name="test_826" time="0.001001119613647461"></testcase><testcase classname="test_submit" file="test_submit.py" line="12" name="test_1376" time="0.001964092254638672"></testcase><testcase classname="test_submit" file="test_submit.py" line="16" name="test_1565" time="0.0016443729400634766"></testcase><testcase classname="test_submit" file="test_submit.py" line="24" name="test_2725" time="0.0012202262878417969"></testcase><testcase classname="test_submit" file="test_submit.py" line="28" name="test_2655" time="0.0005238056182861328"></testcase><testcase classname="test_submit" file="test_submit.py" line="32" name="test_2500" time="0.001066446304321289"></testcase><testcase classname="test_submit" file="test_submit.py" line="40" name="test_1763" time="0.0009949207305908203"></testcase><testcase classname="test_submit" file="test_submit.py" line="44" name="test_168" time="0.002297639846801758"></testcase><testcase classname="test_submit" file="test_submit.py" line="56" name="test_1304" time="0.00131988525390625"></testcase><testcase classname="test_submit" file="test_submit.py" line="60" name="test_2600" time="0.001260519027709961"></testcase><testcase classname="test_submit" file="test_submit.py" line="64" name="test_296" time="0.0020787715911865234"></testcase><testcase classname="test_submit" file="test_submit.py" line="68" name="test_1466" time="0.0014698505401611328"></testcase><testcase classname="test_submit" file="test_submit.py" line="72" name="test_1076" time="0.0005795955657958984"></testcase><testcase classname="test_submit" file="test_submit.py" line="76" name="test_1271" time="0.0015897750854492188"></testcase><testcase classname="test_submit" file="test_submit.py" line="96" name="test_2785" time="0.001728057861328125"></testcase><testcase classname="test_submit" file="test_submit.py" line="104" name="test_2895" time="0.00023293495178222656"></testcase><testcase classname="test_submit" file="test_submit.py" line="108" name="test_1394" time="8.463859558105469e-05"></testcase><testcase classname="test_submit" file="test_submit.py" line="112" name="test_2465" time="0.003265380859375"></testcase><testcase classname="test_submit" file="test_submit.py" line="120" name="test_2730" time="0.0003800392150878906"></testcase><testcase classname="test_submit" file="test_submit.py" line="124" name="test_2620" time="0.0011954307556152344"></testcase><testcase classname="test_submit" file="test_submit.py" line="128" name="test_2340" time="0.0020852088928222656"></testcase><testcase classname="test_submit" file="test_submit.py" line="140" name="test_252" time="0.0019969940185546875"></testcase><testcase classname="test_submit" file="test_submit.py" line="144" name="test_1085" time="0.0020720958709716797"></testcase><testcase classname="test_submit" file="test_submit.py" line="152" name="test_1781" time="0.0"></testcase><testcase classname="test_submit" file="test_submit.py" line="160" name="test_2160" time="0.00013446807861328125"></testcase><testcase classname="test_submit" file="test_submit.py" line="168" name="test_2210" time="0.0019407272338867188"></testcase><testcase classname="test_submit" file="test_submit.py" line="172" name="test_2590" time="0.000997304916381836"></testcase><testcase classname="test_submit" file="test_submit.py" line="184" name="test_2480" time="0.001369476318359375"><failure message="AttributeError: &apos;NoneType&apos; object has no attribute &apos;get&apos;">E   AttributeError: &apos;NoneType&apos; object has no attribute &apos;get&apos;</failure></testcase><testcase classname="test_submit" file="test_submit.py" line="188" name="test_2020" time="0.0009531974792480469"><failure message="AttributeError: &apos;NoneType&apos; object has no attribute &apos;get&apos;">E   AttributeError: &apos;NoneType&apos; object has no attribute &apos;get&apos;</failure></testcase><testcase classname="test_submit" file="test_submit.py" line="192" name="test_2830" time="0.0016791820526123047"><failure message="AttributeError: &apos;NoneType&apos; object has no attribute &apos;get&apos;">E   AttributeError: &apos;NoneType&apos; object has no attribute &apos;get&apos;</failure></testcase><testcase classname="test_submit" file="test_submit.py" line="196" name="test_2765" time="0.001577138900756836"><failure message="AttributeError: &apos;NoneType&apos; object has no attribute &apos;get&apos;">E   AttributeError: &apos;NoneType&apos; object has no attribute &apos;get&apos;</failure></testcase><testcase classname="test_submit" file="test_submit.py" line="200" name="test_2055" time="0.0011222362518310547"><failure message="AttributeError: &apos;NoneType&apos; object has no attribute &apos;get&apos;">E   AttributeError: &apos;NoneType&apos; object has no attribute &apos;get&apos;</failure></testcase><testcase classname="test_submit" file="test_submit.py" line="204" name="test_764" time="0.00027751922607421875"></testcase><testcase classname="test_submit" file="test_submit.py" line="208" name="test_1742" time="0.0035974979400634766"></testcase><testcase classname="test_submit" file="test_submit.py" line="212" name="test_1643" time="0.0007452964782714844"></testcase><testcase classname="test_submit" file="test_submit.py" line="216" name="test_1790" time="0.0008933544158935547"></testcase><testcase classname="test_submit" file="test_submit.py" line="224" name="test_2015" time="0.0025293827056884766"></testcase><testcase classname="test_submit" file="test_submit.py" line="228" name="test_1232" time="0.00099945068359375"></testcase><testcase classname="test_submit" file="test_submit.py" line="232" name="test_2845" time="0.0012354850769042969"></testcase><testcase classname="test_submit" file="test_submit.py" line="240" name="test_502" time="0.0020089149475097656"></testcase><testcase classname="test_submit" file="test_submit.py" line="244" name="test_1325" time="0.0013027191162109375"></testcase><testcase classname="test_submit" file="test_submit.py" line="248" name="test_1670" time="0.004175901412963867"></testcase><testcase classname="test_submit" file="test_submit.py" line="252" name="test_1091" time="0.0009071826934814453"></testcase><testcase classname="test_submit" file="test_submit.py" line="256" name="test_2455" time="0.0010268688201904297"></testcase><testcase classname="test_submit" file="test_submit.py" line="260" name="test_2975" time="0.001519918441772461"></testcase><testcase classname="test_submit" file="test_submit.py" line="264" name="test_2230" time="0.001119852066040039"></testcase><testcase classname="test_submit" file="test_submit.py" line="272" name="test_2670" time="0.0042057037353515625"></testcase><testcase classname="test_submit" file="test_submit.py" line="276" name="test_638" time="0.002306699752807617"></testcase><testcase classname="test_submit" file="test_submit.py" line="280" name="test_1358" time="0.0010187625885009766"></testcase><testcase classname="test_submit" file="test_submit.py" line="288" name="test_2365" time="0.0011219978332519531"></testcase><testcase classname="test_submit" file="test_submit.py" line="292" name="test_2715" time="0.005769014358520508"><failure message="assert None
 +  where None = &lt;built-in method get of dict object at 0x0000023A04FCA180&gt;(&apos;username&apos;)
 +    where &lt;built-in method get of dict object at 0x0000023A04FCA180&gt; = {&apos;properties&apos;: {&apos;name&apos;: &apos;string&apos;, &apos;password&apos;: &apos;string&apos;}}.get
 +      where {&apos;properties&apos;: {&apos;name&apos;: &apos;string&apos;, &apos;password&apos;: &apos;string&apos;}} = &lt;built-in method get of dict object at 0x0000023A04FE5400&gt;(&apos;application/json&apos;)
 +        where &lt;built-in method get of dict object at 0x0000023A04FE5400&gt; = {&apos;application/json&apos;: {&apos;properties&apos;: {&apos;name&apos;: &apos;string&apos;, &apos;password&apos;: &apos;string&apos;}}}.get
 +          where {&apos;application/json&apos;: {&apos;properties&apos;: {&apos;name&apos;: &apos;string&apos;, &apos;password&apos;: &apos;string&apos;}}} = &lt;built-in method get of dict object at 0x0000023A04FE1B00&gt;(&apos;body&apos;)
 +            where &lt;built-in method get of dict object at 0x0000023A04FE1B00&gt; = {&apos;body&apos;: {&apos;application/json&apos;: {&apos;properties&apos;: {&apos;name&apos;: &apos;string&apos;, &apos;password&apos;: &apos;string&apos;}}}, &apos;description&apos;: &apos;Obtem token&apos;,...&apos;: {201: {&apos;body&apos;: {&apos;application/json&apos;: &apos;Auth[]&apos;}}, 400: {&apos;body&apos;: {&apos;application/json&apos;: &apos;{&quot;error&quot;: &quot;Bad Request.&quot;}\n&apos;}}}}.get
 +              where {&apos;body&apos;: {&apos;application/json&apos;: {&apos;properties&apos;: {&apos;name&apos;: &apos;string&apos;, &apos;password&apos;: &apos;string&apos;}}}, &apos;description&apos;: &apos;Obtem token&apos;,...&apos;: {201: {&apos;body&apos;: {&apos;application/json&apos;: &apos;Auth[]&apos;}}, 400: {&apos;body&apos;: {&apos;application/json&apos;: &apos;{&quot;error&quot;: &quot;Bad Request.&quot;}\n&apos;}}}} = &lt;built-in method get of dict object at 0x0000023A04FE1E40&gt;(&apos;post&apos;)
 +                where &lt;built-in method get of dict object at 0x0000023A04FE1E40&gt; = {&apos;post&apos;: {&apos;body&apos;: {&apos;application/json&apos;: {&apos;properties&apos;: {&apos;name&apos;: &apos;string&apos;, &apos;password&apos;: &apos;string&apos;}}}, &apos;description&apos;: &apos;Obte...: {201: {&apos;body&apos;: {&apos;application/json&apos;: &apos;Auth[]&apos;}}, 400: {&apos;body&apos;: {&apos;application/json&apos;: &apos;{&quot;error&quot;: &quot;Bad Request.&quot;}\n&apos;}}}}}.get
 +                  where {&apos;post&apos;: {&apos;body&apos;: {&apos;application/json&apos;: {&apos;properties&apos;: {&apos;name&apos;: &apos;string&apos;, &apos;password&apos;: &apos;string&apos;}}}, &apos;description&apos;: &apos;Obte...: {201: {&apos;body&apos;: {&apos;application/json&apos;: &apos;Auth[]&apos;}}, 400: {&apos;body&apos;: {&apos;application/json&apos;: &apos;{&quot;error&quot;: &quot;Bad Request.&quot;}\n&apos;}}}}} = &lt;built-in method get of dict object at 0x0000023A05072640&gt;(&apos;/auth/token&apos;)
 +                    where &lt;built-in method get of dict object at 0x0000023A05072640&gt; = {&apos;/agents&apos;: {&apos;/{id}&apos;: {&apos;delete&apos;: {&apos;body&apos;: {&apos;type&apos;: &apos;Agent&apos;}, &apos;responses&apos;: {200: {&apos;body&apos;: {...}}, 401: {&apos;body&apos;: {...}},...zado&quot;}\n&apos;}}, 404: {&apos;body&apos;: {&apos;application/json&apos;: &apos;{&quot;error&quot;: &quot;Elemento não encontrado&quot;}\n&apos;}}}, &apos;securedBy&apos;: &apos;JWT&apos;}}, ...}.get">E   assert None
     +  where None = &lt;built-in method get of dict object at 0x0000023A04FCA180&gt;(&apos;username&apos;)
     +    where &lt;built-in method get of dict object at 0x0000023A04FCA180&gt; = {&apos;properties&apos;: {&apos;name&apos;: &apos;string&apos;, &apos;password&apos;: &apos;string&apos;}}.get
     +      where {&apos;properties&apos;: {&apos;name&apos;: &apos;string&apos;, &apos;password&apos;: &apos;string&apos;}} = &lt;built-in method get of dict object at 0x0000023A04FE5400&gt;(&apos;application/json&apos;)
     +        where &lt;built-in method get of dict object at 0x0000023A04FE5400&gt; = {&apos;application/json&apos;: {&apos;properties&apos;: {&apos;name&apos;: &apos;string&apos;, &apos;password&apos;: &apos;string&apos;}}}.get
     +          where {&apos;application/json&apos;: {&apos;properties&apos;: {&apos;name&apos;: &apos;string&apos;, &apos;password&apos;: &apos;string&apos;}}} = &lt;built-in method get of dict object at 0x0000023A04FE1B00&gt;(&apos;body&apos;)
     +            where &lt;built-in method get of dict object at 0x0000023A04FE1B00&gt; = {&apos;body&apos;: {&apos;application/json&apos;: {&apos;properties&apos;: {&apos;name&apos;: &apos;string&apos;, &apos;password&apos;: &apos;string&apos;}}}, &apos;description&apos;: &apos;Obtem token&apos;,...&apos;: {201: {&apos;body&apos;: {&apos;application/json&apos;: &apos;Auth[]&apos;}}, 400: {&apos;body&apos;: {&apos;application/json&apos;: &apos;{&quot;error&quot;: &quot;Bad Request.&quot;}\n&apos;}}}}.get
     +              where {&apos;body&apos;: {&apos;application/json&apos;: {&apos;properties&apos;: {&apos;name&apos;: &apos;string&apos;, &apos;password&apos;: &apos;string&apos;}}}, &apos;description&apos;: &apos;Obtem token&apos;,...&apos;: {201: {&apos;body&apos;: {&apos;application/json&apos;: &apos;Auth[]&apos;}}, 400: {&apos;body&apos;: {&apos;application/json&apos;: &apos;{&quot;error&quot;: &quot;Bad Request.&quot;}\n&apos;}}}} = &lt;built-in method get of dict object at 0x0000023A04FE1E40&gt;(&apos;post&apos;)
     +                where &lt;built-in method get of dict object at 0x0000023A04FE1E40&gt; = {&apos;post&apos;: {&apos;body&apos;: {&apos;application/json&apos;: {&apos;properties&apos;: {&apos;name&apos;: &apos;string&apos;, &apos;password&apos;: &apos;string&apos;}}}, &apos;description&apos;: &apos;Obte...: {201: {&apos;body&apos;: {&apos;application/json&apos;: &apos;Auth[]&apos;}}, 400: {&apos;body&apos;: {&apos;application/json&apos;: &apos;{&quot;error&quot;: &quot;Bad Request.&quot;}\n&apos;}}}}}.get
     +                  where {&apos;post&apos;: {&apos;body&apos;: {&apos;application/json&apos;: {&apos;properties&apos;: {&apos;name&apos;: &apos;string&apos;, &apos;password&apos;: &apos;string&apos;}}}, &apos;description&apos;: &apos;Obte...: {201: {&apos;body&apos;: {&apos;application/json&apos;: &apos;Auth[]&apos;}}, 400: {&apos;body&apos;: {&apos;application/json&apos;: &apos;{&quot;error&quot;: &quot;Bad Request.&quot;}\n&apos;}}}}} = &lt;built-in method get of dict object at 0x0000023A05072640&gt;(&apos;/auth/token&apos;)
     +                    where &lt;built-in method get of dict object at 0x0000023A05072640&gt; = {&apos;/agents&apos;: {&apos;/{id}&apos;: {&apos;delete&apos;: {&apos;body&apos;: {&apos;type&apos;: &apos;Agent&apos;}, &apos;responses&apos;: {200: {&apos;body&apos;: {...}}, 401: {&apos;body&apos;: {...}},...zado&quot;}\n&apos;}}, 404: {&apos;body&apos;: {&apos;application/json&apos;: &apos;{&quot;error&quot;: &quot;Elemento não encontrado&quot;}\n&apos;}}}, &apos;securedBy&apos;: &apos;JWT&apos;}}, ...}.get</failure></testcase><testcase classname="test_submit" file="test_submit.py" line="300" name="test_1121" time="0.0015668869018554688"></testcase><testcase classname="test_submit" file="test_submit.py" line="304" name="test_2105" time="0.0026476383209228516"></testcase><testcase classname="test_submit" file="test_submit.py" line="308" name="test_2065" time="0.0024476051330566406"></testcase><testcase classname="test_submit" file="test_submit.py" line="312" name="test_2930" time="0.0021867752075195312"></testcase><testcase classname="test_submit" file="test_submit.py" line="316" name="test_2925" time="0.0"></testcase><testcase classname="test_submit" file="test_submit.py" line="320" name="test_746" time="0.004985332489013672"></testcase><testcase classname="test_submit" file="test_submit.py" line="324" name="test_1442" time="0.0025882720947265625"></testcase><testcase classname="test_submit" file="test_submit.py" line="328" name="test_1826" time="0.0006628036499023438"></testcase><testcase classname="test_submit" file="test_submit.py" line="332" name="test_1382" time="0.003983974456787109"></testcase><testcase classname="test_submit" file="test_submit.py" line="344" name="test_2290" time="0.0022246837615966797"><failure message="AttributeError: &apos;NoneType&apos; object has no attribute &apos;get&apos;">E   AttributeError: &apos;NoneType&apos; object has no attribute &apos;get&apos;</failure></testcase><testcase classname="test_submit" file="test_submit.py" line="348" name="test_1055" time="0.0018475055694580078"></testcase><testcase classname="test_submit" file="test_submit.py" line="356" name="test_2030" time="3.361701965332031e-05"><failure message="AttributeError: &apos;NoneType&apos; object has no attribute &apos;get&apos;">E   AttributeError: &apos;NoneType&apos; object has no attribute &apos;get&apos;</failure></testcase><testcase classname="test_submit" file="test_submit.py" line="364" name="test_2200" time="0.0015277862548828125"></testcase><testcase classname="test_submit" file="test_submit.py" line="368" name="test_916" time="0.001795053482055664"></testcase><testcase classname="test_submit" file="test_submit.py" line="372" name="test_1409" time="0.0013499259948730469"></testcase><testcase classname="test_submit" file="test_submit.py" line="380" name="test_1292" time="0.0008447170257568359"></testcase><testcase classname="test_submit" file="test_submit.py" line="384" name="test_2530" time="0.001329660415649414"></testcase><testcase classname="test_submit" file="test_submit.py" line="388" name="test_2140" time="0.0011479854583740234"></testcase><testcase classname="test_submit" file="test_submit.py" line="392" name="test_664" time="0.004361152648925781"></testcase><testcase classname="test_submit" file="test_submit.py" line="396" name="test_1313" time="0.0008802413940429688"></testcase><testcase classname="test_submit" file="test_submit.py" line="400" name="test_2755" time="0.004002809524536133"><failure message="assert None
 +  where None = &lt;built-in method get of dict object at 0x0000023A04FE5640&gt;(&apos;description&apos;)
 +    where &lt;built-in method get of dict object at 0x0000023A04FE5640&gt; = {&apos;responses&apos;: {200: {&apos;body&apos;: {&apos;type&apos;: &apos;Agent&apos;}}, 401: {&apos;body&apos;: {&apos;application/json&apos;: &apos;{&quot;error&quot;: &quot;Acesso não autorizado&quot;}\n&apos;}}, 404: {&apos;body&apos;: {&apos;application/json&apos;: &apos;{&quot;error&quot;: &quot;Elemento não encontrado&quot;}\n&apos;}}}, &apos;securedBy&apos;: &apos;JWT&apos;}.get
 +      where {&apos;responses&apos;: {200: {&apos;body&apos;: {&apos;type&apos;: &apos;Agent&apos;}}, 401: {&apos;body&apos;: {&apos;application/json&apos;: &apos;{&quot;error&quot;: &quot;Acesso não autorizado&quot;}\n&apos;}}, 404: {&apos;body&apos;: {&apos;application/json&apos;: &apos;{&quot;error&quot;: &quot;Elemento não encontrado&quot;}\n&apos;}}}, &apos;securedBy&apos;: &apos;JWT&apos;} = &lt;built-in method get of dict object at 0x0000023A04FE5100&gt;(&apos;get&apos;)
 +        where &lt;built-in method get of dict object at 0x0000023A04FE5100&gt; = {&apos;delete&apos;: {&apos;body&apos;: {&apos;type&apos;: &apos;Agent&apos;}, &apos;responses&apos;: {200: {&apos;body&apos;: {&apos;application/json&apos;: &apos;{&quot;mensager&quot;: &quot;Elemento removi...autorizado&quot;}\n&apos;}}, 404: {&apos;body&apos;: {&apos;application/json&apos;: &apos;{&quot;error&quot;: &quot;Elemento não encontrado&quot;}\n&apos;}}}, &apos;securedBy&apos;: &apos;JWT&apos;}}.get
 +          where {&apos;delete&apos;: {&apos;body&apos;: {&apos;type&apos;: &apos;Agent&apos;}, &apos;responses&apos;: {200: {&apos;body&apos;: {&apos;application/json&apos;: &apos;{&quot;mensager&quot;: &quot;Elemento removi...autorizado&quot;}\n&apos;}}, 404: {&apos;body&apos;: {&apos;application/json&apos;: &apos;{&quot;error&quot;: &quot;Elemento não encontrado&quot;}\n&apos;}}}, &apos;securedBy&apos;: &apos;JWT&apos;}} = &lt;built-in method get of dict object at 0x0000023A04FEB740&gt;(&apos;/{id}&apos;)
 +            where &lt;built-in method get of dict object at 0x0000023A04FEB740&gt; = {&apos;/{id}&apos;: {&apos;delete&apos;: {&apos;body&apos;: {&apos;type&apos;: &apos;Agent&apos;}, &apos;responses&apos;: {200: {&apos;body&apos;: {&apos;application/json&apos;: &apos;{&quot;mensager&quot;: &quot;Eleme...autorizado&quot;}\n&apos;}}, 404: {&apos;body&apos;: {&apos;application/json&apos;: &apos;{&quot;error&quot;: &quot;Elemento não encontrado&quot;}\n&apos;}}}, &apos;securedBy&apos;: &apos;JWT&apos;}}.get
 +              where {&apos;/{id}&apos;: {&apos;delete&apos;: {&apos;body&apos;: {&apos;type&apos;: &apos;Agent&apos;}, &apos;responses&apos;: {200: {&apos;body&apos;: {&apos;application/json&apos;: &apos;{&quot;mensager&quot;: &quot;Eleme...autorizado&quot;}\n&apos;}}, 404: {&apos;body&apos;: {&apos;application/json&apos;: &apos;{&quot;error&quot;: &quot;Elemento não encontrado&quot;}\n&apos;}}}, &apos;securedBy&apos;: &apos;JWT&apos;}} = &lt;built-in method get of dict object at 0x0000023A05072640&gt;(&apos;/agents&apos;)
 +                where &lt;built-in method get of dict object at 0x0000023A05072640&gt; = {&apos;/agents&apos;: {&apos;/{id}&apos;: {&apos;delete&apos;: {&apos;body&apos;: {&apos;type&apos;: &apos;Agent&apos;}, &apos;responses&apos;: {200: {&apos;body&apos;: {...}}, 401: {&apos;body&apos;: {...}},...zado&quot;}\n&apos;}}, 404: {&apos;body&apos;: {&apos;application/json&apos;: &apos;{&quot;error&quot;: &quot;Elemento não encontrado&quot;}\n&apos;}}}, &apos;securedBy&apos;: &apos;JWT&apos;}}, ...}.get">E   assert None
     +  where None = &lt;built-in method get of dict object at 0x0000023A04FE5640&gt;(&apos;description&apos;)
     +    where &lt;built-in method get of dict object at 0x0000023A04FE5640&gt; = {&apos;responses&apos;: {200: {&apos;body&apos;: {&apos;type&apos;: &apos;Agent&apos;}}, 401: {&apos;body&apos;: {&apos;application/json&apos;: &apos;{&quot;error&quot;: &quot;Acesso não autorizado&quot;}\n&apos;}}, 404: {&apos;body&apos;: {&apos;application/json&apos;: &apos;{&quot;error&quot;: &quot;Elemento não encontrado&quot;}\n&apos;}}}, &apos;securedBy&apos;: &apos;JWT&apos;}.get
     +      where {&apos;responses&apos;: {200: {&apos;body&apos;: {&apos;type&apos;: &apos;Agent&apos;}}, 401: {&apos;body&apos;: {&apos;application/json&apos;: &apos;{&quot;error&quot;: &quot;Acesso não autorizado&quot;}\n&apos;}}, 404: {&apos;body&apos;: {&apos;application/json&apos;: &apos;{&quot;error&quot;: &quot;Elemento não encontrado&quot;}\n&apos;}}}, &apos;securedBy&apos;: &apos;JWT&apos;} = &lt;built-in method get of dict object at 0x0000023A04FE5100&gt;(&apos;get&apos;)
     +        where &lt;built-in method get of dict object at 0x0000023A04FE5100&gt; = {&apos;delete&apos;: {&apos;body&apos;: {&apos;type&apos;: &apos;Agent&apos;}, &apos;responses&apos;: {200: {&apos;body&apos;: {&apos;application/json&apos;: &apos;{&quot;mensager&quot;: &quot;Elemento removi...autorizado&quot;}\n&apos;}}, 404: {&apos;body&apos;: {&apos;application/json&apos;: &apos;{&quot;error&quot;: &quot;Elemento não encontrado&quot;}\n&apos;}}}, &apos;securedBy&apos;: &apos;JWT&apos;}}.get
     +          where {&apos;delete&apos;: {&apos;body&apos;: {&apos;type&apos;: &apos;Agent&apos;}, &apos;responses&apos;: {200: {&apos;body&apos;: {&apos;application/json&apos;: &apos;{&quot;mensager&quot;: &quot;Elemento removi...autorizado&quot;}\n&apos;}}, 404: {&apos;body&apos;: {&apos;application/json&apos;: &apos;{&quot;error&quot;: &quot;Elemento não encontrado&quot;}\n&apos;}}}, &apos;securedBy&apos;: &apos;JWT&apos;}} = &lt;built-in method get of dict object at 0x0000023A04FEB740&gt;(&apos;/{id}&apos;)
     +            where &lt;built-in method get of dict object at 0x0000023A04FEB740&gt; = {&apos;/{id}&apos;: {&apos;delete&apos;: {&apos;body&apos;: {&apos;type&apos;: &apos;Agent&apos;}, &apos;responses&apos;: {200: {&apos;body&apos;: {&apos;application/json&apos;: &apos;{&quot;mensager&quot;: &quot;Eleme...autorizado&quot;}\n&apos;}}, 404: {&apos;body&apos;: {&apos;application/json&apos;: &apos;{&quot;error&quot;: &quot;Elemento não encontrado&quot;}\n&apos;}}}, &apos;securedBy&apos;: &apos;JWT&apos;}}.get
     +              where {&apos;/{id}&apos;: {&apos;delete&apos;: {&apos;body&apos;: {&apos;type&apos;: &apos;Agent&apos;}, &apos;responses&apos;: {200: {&apos;body&apos;: {&apos;application/json&apos;: &apos;{&quot;mensager&quot;: &quot;Eleme...autorizado&quot;}\n&apos;}}, 404: {&apos;body&apos;: {&apos;application/json&apos;: &apos;{&quot;error&quot;: &quot;Elemento não encontrado&quot;}\n&apos;}}}, &apos;securedBy&apos;: &apos;JWT&apos;}} = &lt;built-in method get of dict object at 0x0000023A05072640&gt;(&apos;/agents&apos;)
     +                where &lt;built-in method get of dict object at 0x0000023A05072640&gt; = {&apos;/agents&apos;: {&apos;/{id}&apos;: {&apos;delete&apos;: {&apos;body&apos;: {&apos;type&apos;: &apos;Agent&apos;}, &apos;responses&apos;: {200: {&apos;body&apos;: {...}}, 401: {&apos;body&apos;: {...}},...zado&quot;}\n&apos;}}, 404: {&apos;body&apos;: {&apos;application/json&apos;: &apos;{&quot;error&quot;: &quot;Elemento não encontrado&quot;}\n&apos;}}}, &apos;securedBy&apos;: &apos;JWT&apos;}}, ...}.get</failure></testcase><testcase classname="test_submit" file="test_submit.py" line="404" name="test_2305" time="0.0037653446197509766"></testcase><testcase classname="test_submit" file="test_submit.py" line="412" name="test_2965" time="0.001569986343383789"></testcase><testcase classname="test_submit" file="test_submit.py" line="416" name="test_2060" time="0.0012276172637939453"></testcase><testcase classname="test_submit" file="test_submit.py" line="420" name="test_2625" time="0.0028748512268066406"></testcase><testcase classname="test_submit" file="test_submit.py" line="424" name="test_1295" time="0.005464315414428711"></testcase><testcase classname="test_submit" file="test_submit.py" line="432" name="test_2555" time="0.002741098403930664"></testcase><testcase classname="test_submit" file="test_submit.py" line="436" name="test_2610" time="0.0046694278717041016"></testcase><testcase classname="test_submit" file="test_submit.py" line="444" name="test_2295" time="0.0012271404266357422"></testcase><testcase classname="test_submit" file="test_submit.py" line="448" name="test_2800" time="0.0026950836181640625"></testcase><testcase classname="test_submit" file="test_submit.py" line="452" name="test_1460" time="0.0021414756774902344"></testcase><testcase classname="test_submit" file="test_submit.py" line="456" name="test_2745" time="0.00606989860534668"><failure message="assert None
 +  where None = &lt;built-in method get of dict object at 0x0000023A04FE56C0&gt;(&apos;description&apos;)
 +    where &lt;built-in method get of dict object at 0x0000023A04FE56C0&gt; = {&apos;body&apos;: {&apos;type&apos;: &apos;Agent&apos;}, &apos;responses&apos;: {200: {&apos;body&apos;: {&apos;application/json&apos;: &apos;{&quot;mensager&quot;: &quot;Elemento removido com suce... autorizado&quot;}\n&apos;}}, 404: {&apos;body&apos;: {&apos;application/json&apos;: &apos;{&quot;error&quot;: &quot;Elemento não encontrado&quot;}\n&apos;}}}, &apos;securedBy&apos;: &apos;JWT&apos;}.get
 +      where {&apos;body&apos;: {&apos;type&apos;: &apos;Agent&apos;}, &apos;responses&apos;: {200: {&apos;body&apos;: {&apos;application/json&apos;: &apos;{&quot;mensager&quot;: &quot;Elemento removido com suce... autorizado&quot;}\n&apos;}}, 404: {&apos;body&apos;: {&apos;application/json&apos;: &apos;{&quot;error&quot;: &quot;Elemento não encontrado&quot;}\n&apos;}}}, &apos;securedBy&apos;: &apos;JWT&apos;} = &lt;built-in method get of dict object at 0x0000023A04FE5100&gt;(&apos;delete&apos;)
 +        where &lt;built-in method get of dict object at 0x0000023A04FE5100&gt; = {&apos;delete&apos;: {&apos;body&apos;: {&apos;type&apos;: &apos;Agent&apos;}, &apos;responses&apos;: {200: {&apos;body&apos;: {&apos;application/json&apos;: &apos;{&quot;mensager&quot;: &quot;Elemento removi...autorizado&quot;}\n&apos;}}, 404: {&apos;body&apos;: {&apos;application/json&apos;: &apos;{&quot;error&quot;: &quot;Elemento não encontrado&quot;}\n&apos;}}}, &apos;securedBy&apos;: &apos;JWT&apos;}}.get
 +          where {&apos;delete&apos;: {&apos;body&apos;: {&apos;type&apos;: &apos;Agent&apos;}, &apos;responses&apos;: {200: {&apos;body&apos;: {&apos;application/json&apos;: &apos;{&quot;mensager&quot;: &quot;Elemento removi...autorizado&quot;}\n&apos;}}, 404: {&apos;body&apos;: {&apos;application/json&apos;: &apos;{&quot;error&quot;: &quot;Elemento não encontrado&quot;}\n&apos;}}}, &apos;securedBy&apos;: &apos;JWT&apos;}} = &lt;built-in method get of dict object at 0x0000023A04FEB740&gt;(&apos;/{id}&apos;)
 +            where &lt;built-in method get of dict object at 0x0000023A04FEB740&gt; = {&apos;/{id}&apos;: {&apos;delete&apos;: {&apos;body&apos;: {&apos;type&apos;: &apos;Agent&apos;}, &apos;responses&apos;: {200: {&apos;body&apos;: {&apos;application/json&apos;: &apos;{&quot;mensager&quot;: &quot;Eleme...autorizado&quot;}\n&apos;}}, 404: {&apos;body&apos;: {&apos;application/json&apos;: &apos;{&quot;error&quot;: &quot;Elemento não encontrado&quot;}\n&apos;}}}, &apos;securedBy&apos;: &apos;JWT&apos;}}.get
 +              where {&apos;/{id}&apos;: {&apos;delete&apos;: {&apos;body&apos;: {&apos;type&apos;: &apos;Agent&apos;}, &apos;responses&apos;: {200: {&apos;body&apos;: {&apos;application/json&apos;: &apos;{&quot;mensager&quot;: &quot;Eleme...autorizado&quot;}\n&apos;}}, 404: {&apos;body&apos;: {&apos;application/json&apos;: &apos;{&quot;error&quot;: &quot;Elemento não encontrado&quot;}\n&apos;}}}, &apos;securedBy&apos;: &apos;JWT&apos;}} = &lt;built-in method get of dict object at 0x0000023A05072640&gt;(&apos;/agents&apos;)
 +                where &lt;built-in method get of dict object at 0x0000023A05072640&gt; = {&apos;/agents&apos;: {&apos;/{id}&apos;: {&apos;delete&apos;: {&apos;body&apos;: {&apos;type&apos;: &apos;Agent&apos;}, &apos;responses&apos;: {200: {&apos;body&apos;: {...}}, 401: {&apos;body&apos;: {...}},...zado&quot;}\n&apos;}}, 404: {&apos;body&apos;: {&apos;application/json&apos;: &apos;{&quot;error&quot;: &quot;Elemento não encontrado&quot;}\n&apos;}}}, &apos;securedBy&apos;: &apos;JWT&apos;}}, ...}.get">E   assert None
     +  where None = &lt;built-in method get of dict object at 0x0000023A04FE56C0&gt;(&apos;description&apos;)
     +    where &lt;built-in method get of dict object at 0x0000023A04FE56C0&gt; = {&apos;body&apos;: {&apos;type&apos;: &apos;Agent&apos;}, &apos;responses&apos;: {200: {&apos;body&apos;: {&apos;application/json&apos;: &apos;{&quot;mensager&quot;: &quot;Elemento removido com suce... autorizado&quot;}\n&apos;}}, 404: {&apos;body&apos;: {&apos;application/json&apos;: &apos;{&quot;error&quot;: &quot;Elemento não encontrado&quot;}\n&apos;}}}, &apos;securedBy&apos;: &apos;JWT&apos;}.get
     +      where {&apos;body&apos;: {&apos;type&apos;: &apos;Agent&apos;}, &apos;responses&apos;: {200: {&apos;body&apos;: {&apos;application/json&apos;: &apos;{&quot;mensager&quot;: &quot;Elemento removido com suce... autorizado&quot;}\n&apos;}}, 404: {&apos;body&apos;: {&apos;application/json&apos;: &apos;{&quot;error&quot;: &quot;Elemento não encontrado&quot;}\n&apos;}}}, &apos;securedBy&apos;: &apos;JWT&apos;} = &lt;built-in method get of dict object at 0x0000023A04FE5100&gt;(&apos;delete&apos;)
     +        where &lt;built-in method get of dict object at 0x0000023A04FE5100&gt; = {&apos;delete&apos;: {&apos;body&apos;: {&apos;type&apos;: &apos;Agent&apos;}, &apos;responses&apos;: {200: {&apos;body&apos;: {&apos;application/json&apos;: &apos;{&quot;mensager&quot;: &quot;Elemento removi...autorizado&quot;}\n&apos;}}, 404: {&apos;body&apos;: {&apos;application/json&apos;: &apos;{&quot;error&quot;: &quot;Elemento não encontrado&quot;}\n&apos;}}}, &apos;securedBy&apos;: &apos;JWT&apos;}}.get
     +          where {&apos;delete&apos;: {&apos;body&apos;: {&apos;type&apos;: &apos;Agent&apos;}, &apos;responses&apos;: {200: {&apos;body&apos;: {&apos;application/json&apos;: &apos;{&quot;mensager&quot;: &quot;Elemento removi...autorizado&quot;}\n&apos;}}, 404: {&apos;body&apos;: {&apos;application/json&apos;: &apos;{&quot;error&quot;: &quot;Elemento não encontrado&quot;}\n&apos;}}}, &apos;securedBy&apos;: &apos;JWT&apos;}} = &lt;built-in method get of dict object at 0x0000023A04FEB740&gt;(&apos;/{id}&apos;)
     +            where &lt;built-in method get of dict object at 0x0000023A04FEB740&gt; = {&apos;/{id}&apos;: {&apos;delete&apos;: {&apos;body&apos;: {&apos;type&apos;: &apos;Agent&apos;}, &apos;responses&apos;: {200: {&apos;body&apos;: {&apos;application/json&apos;: &apos;{&quot;mensager&quot;: &quot;Eleme...autorizado&quot;}\n&apos;}}, 404: {&apos;body&apos;: {&apos;application/json&apos;: &apos;{&quot;error&quot;: &quot;Elemento não encontrado&quot;}\n&apos;}}}, &apos;securedBy&apos;: &apos;JWT&apos;}}.get
     +              where {&apos;/{id}&apos;: {&apos;delete&apos;: {&apos;body&apos;: {&apos;type&apos;: &apos;Agent&apos;}, &apos;responses&apos;: {200: {&apos;body&apos;: {&apos;application/json&apos;: &apos;{&quot;mensager&quot;: &quot;Eleme...autorizado&quot;}\n&apos;}}, 404: {&apos;body&apos;: {&apos;application/json&apos;: &apos;{&quot;error&quot;: &quot;Elemento não encontrado&quot;}\n&apos;}}}, &apos;securedBy&apos;: &apos;JWT&apos;}} = &lt;built-in method get of dict object at 0x0000023A05072640&gt;(&apos;/agents&apos;)
     +                where &lt;built-in method get of dict object at 0x0000023A05072640&gt; = {&apos;/agents&apos;: {&apos;/{id}&apos;: {&apos;delete&apos;: {&apos;body&apos;: {&apos;type&apos;: &apos;Agent&apos;}, &apos;responses&apos;: {200: {&apos;body&apos;: {...}}, 401: {&apos;body&apos;: {...}},...zado&quot;}\n&apos;}}, 404: {&apos;body&apos;: {&apos;application/json&apos;: &apos;{&quot;error&quot;: &quot;Elemento não encontrado&quot;}\n&apos;}}}, &apos;securedBy&apos;: &apos;JWT&apos;}}, ...}.get</failure></testcase><testcase classname="test_submit" file="test_submit.py" line="464" name="test_2990" time="0.0022242069244384766"></testcase><testcase classname="test_submit" file="test_submit.py" line="476" name="test_2510" time="0.0"></testcase><testcase classname="test_submit" file="test_submit.py" line="480" name="test_934" time="0.0009984970092773438"></testcase><testcase classname="test_submit" file="test_submit.py" line="484" name="test_1130" time="0.0017807483673095703"></testcase><testcase classname="test_submit" file="test_submit.py" line="492" name="test_2810" time="0.0017943382263183594"></testcase><testcase classname="test_submit" file="test_submit.py" line="500" name="test_2695" time="0.0018513202667236328"></testcase><testcase classname="test_submit" file="test_submit.py" line="508" name="test_2645" time="0.006267070770263672"><failure message="assert None
 +  where None = &lt;built-in method get of dict object at 0x0000023A04FCA500&gt;(201)
 +    where &lt;built-in method get of dict object at 0x0000023A04FCA500&gt; = {&apos;application/json&apos;: &apos;Event[]&apos;}.get
 +      where {&apos;application/json&apos;: &apos;Event[]&apos;} = &lt;built-in method get of dict object at 0x0000023A04FE5740&gt;(&apos;body&apos;)
 +        where &lt;built-in method get of dict object at 0x0000023A04FE5740&gt; = {&apos;body&apos;: {&apos;application/json&apos;: &apos;Event[]&apos;}, &apos;description&apos;: &apos;Inclui um Evento dentro do ID AGent&apos;, &apos;responses&apos;: {201: {&apos;b...: &quot;Authorization Required&quot;}\n&apos;}}, 404: {&apos;body&apos;: {&apos;application/json&apos;: &apos;{&quot;error&quot;: &quot;Not Found&quot;}\n&apos;}}}, &apos;securedBy&apos;: &apos;JWT&apos;}.get
 +          where {&apos;body&apos;: {&apos;application/json&apos;: &apos;Event[]&apos;}, &apos;description&apos;: &apos;Inclui um Evento dentro do ID AGent&apos;, &apos;responses&apos;: {201: {&apos;b...: &quot;Authorization Required&quot;}\n&apos;}}, 404: {&apos;body&apos;: {&apos;application/json&apos;: &apos;{&quot;error&quot;: &quot;Not Found&quot;}\n&apos;}}}, &apos;securedBy&apos;: &apos;JWT&apos;} = &lt;built-in method get of dict object at 0x0000023A04FE5140&gt;(&apos;post&apos;)
 +            where &lt;built-in method get of dict object at 0x0000023A04FE5140&gt; = {&apos;/{id}&apos;: {&apos;delete&apos;: {&apos;body&apos;: {&apos;application/json&apos;: &apos;Event[]&apos;}, &apos;description&apos;: &apos;Exclui um Evento de um Agent&apos;, &apos;respons...horization Required&quot;}\n&apos;}}, 404: {&apos;body&apos;: {&apos;application/json&apos;: &apos;{&quot;error&quot;: &quot;Not Found&quot;}\n&apos;}}}, &apos;securedBy&apos;: &apos;JWT&apos;}, ...}.get
 +              where {&apos;/{id}&apos;: {&apos;delete&apos;: {&apos;body&apos;: {&apos;application/json&apos;: &apos;Event[]&apos;}, &apos;description&apos;: &apos;Exclui um Evento de um Agent&apos;, &apos;respons...horization Required&quot;}\n&apos;}}, 404: {&apos;body&apos;: {&apos;application/json&apos;: &apos;{&quot;error&quot;: &quot;Not Found&quot;}\n&apos;}}}, &apos;securedBy&apos;: &apos;JWT&apos;}, ...} = &lt;built-in method get of dict object at 0x0000023A04FEB740&gt;(&apos;/{id}/events&apos;)
 +                where &lt;built-in method get of dict object at 0x0000023A04FEB740&gt; = {&apos;/{id}&apos;: {&apos;delete&apos;: {&apos;body&apos;: {&apos;type&apos;: &apos;Agent&apos;}, &apos;responses&apos;: {200: {&apos;body&apos;: {&apos;application/json&apos;: &apos;{&quot;mensager&quot;: &quot;Eleme...autorizado&quot;}\n&apos;}}, 404: {&apos;body&apos;: {&apos;application/json&apos;: &apos;{&quot;error&quot;: &quot;Elemento não encontrado&quot;}\n&apos;}}}, &apos;securedBy&apos;: &apos;JWT&apos;}}.get
 +                  where {&apos;/{id}&apos;: {&apos;delete&apos;: {&apos;body&apos;: {&apos;type&apos;: &apos;Agent&apos;}, &apos;responses&apos;: {200: {&apos;body&apos;: {&apos;application/json&apos;: &apos;{&quot;mensager&quot;: &quot;Eleme...autorizado&quot;}\n&apos;}}, 404: {&apos;body&apos;: {&apos;application/json&apos;: &apos;{&quot;error&quot;: &quot;Elemento não encontrado&quot;}\n&apos;}}}, &apos;securedBy&apos;: &apos;JWT&apos;}} = &lt;built-in method get of dict object at 0x0000023A05072640&gt;(&apos;/agents&apos;)
 +                    where &lt;built-in method get of dict object at 0x0000023A05072640&gt; = {&apos;/agents&apos;: {&apos;/{id}&apos;: {&apos;delete&apos;: {&apos;body&apos;: {&apos;type&apos;: &apos;Agent&apos;}, &apos;responses&apos;: {200: {&apos;body&apos;: {...}}, 401: {&apos;body&apos;: {...}},...zado&quot;}\n&apos;}}, 404: {&apos;body&apos;: {&apos;application/json&apos;: &apos;{&quot;error&quot;: &quot;Elemento não encontrado&quot;}\n&apos;}}}, &apos;securedBy&apos;: &apos;JWT&apos;}}, ...}.get">E   assert None
     +  where None = &lt;built-in method get of dict object at 0x0000023A04FCA500&gt;(201)
     +    where &lt;built-in method get of dict object at 0x0000023A04FCA500&gt; = {&apos;application/json&apos;: &apos;Event[]&apos;}.get
     +      where {&apos;application/json&apos;: &apos;Event[]&apos;} = &lt;built-in method get of dict object at 0x0000023A04FE5740&gt;(&apos;body&apos;)
     +        where &lt;built-in method get of dict object at 0x0000023A04FE5740&gt; = {&apos;body&apos;: {&apos;application/json&apos;: &apos;Event[]&apos;}, &apos;description&apos;: &apos;Inclui um Evento dentro do ID AGent&apos;, &apos;responses&apos;: {201: {&apos;b...: &quot;Authorization Required&quot;}\n&apos;}}, 404: {&apos;body&apos;: {&apos;application/json&apos;: &apos;{&quot;error&quot;: &quot;Not Found&quot;}\n&apos;}}}, &apos;securedBy&apos;: &apos;JWT&apos;}.get
     +          where {&apos;body&apos;: {&apos;application/json&apos;: &apos;Event[]&apos;}, &apos;description&apos;: &apos;Inclui um Evento dentro do ID AGent&apos;, &apos;responses&apos;: {201: {&apos;b...: &quot;Authorization Required&quot;}\n&apos;}}, 404: {&apos;body&apos;: {&apos;application/json&apos;: &apos;{&quot;error&quot;: &quot;Not Found&quot;}\n&apos;}}}, &apos;securedBy&apos;: &apos;JWT&apos;} = &lt;built-in method get of dict object at 0x0000023A04FE5140&gt;(&apos;post&apos;)
     +            where &lt;built-in method get of dict object at 0x0000023A04FE5140&gt; = {&apos;/{id}&apos;: {&apos;delete&apos;: {&apos;body&apos;: {&apos;application/json&apos;: &apos;Event[]&apos;}, &apos;description&apos;: &apos;Exclui um Evento de um Agent&apos;, &apos;respons...horization Required&quot;}\n&apos;}}, 404: {&apos;body&apos;: {&apos;application/json&apos;: &apos;{&quot;error&quot;: &quot;Not Found&quot;}\n&apos;}}}, &apos;securedBy&apos;: &apos;JWT&apos;}, ...}.get
     +              where {&apos;/{id}&apos;: {&apos;delete&apos;: {&apos;body&apos;: {&apos;application/json&apos;: &apos;Event[]&apos;}, &apos;description&apos;: &apos;Exclui um Evento de um Agent&apos;, &apos;respons...horization Required&quot;}\n&apos;}}, 404: {&apos;body&apos;: {&apos;application/json&apos;: &apos;{&quot;error&quot;: &quot;Not Found&quot;}\n&apos;}}}, &apos;securedBy&apos;: &apos;JWT&apos;}, ...} = &lt;built-in method get of dict object at 0x0000023A04FEB740&gt;(&apos;/{id}/events&apos;)
     +                where &lt;built-in method get of dict object at 0x0000023A04FEB740&gt; = {&apos;/{id}&apos;: {&apos;delete&apos;: {&apos;body&apos;: {&apos;type&apos;: &apos;Agent&apos;}, &apos;responses&apos;: {200: {&apos;body&apos;: {&apos;application/json&apos;: &apos;{&quot;mensager&quot;: &quot;Eleme...autorizado&quot;}\n&apos;}}, 404: {&apos;body&apos;: {&apos;application/json&apos;: &apos;{&quot;error&quot;: &quot;Elemento não encontrado&quot;}\n&apos;}}}, &apos;securedBy&apos;: &apos;JWT&apos;}}.get
     +                  where {&apos;/{id}&apos;: {&apos;delete&apos;: {&apos;body&apos;: {&apos;type&apos;: &apos;Agent&apos;}, &apos;responses&apos;: {200: {&apos;body&apos;: {&apos;application/json&apos;: &apos;{&quot;mensager&quot;: &quot;Eleme...autorizado&quot;}\n&apos;}}, 404: {&apos;body&apos;: {&apos;application/json&apos;: &apos;{&quot;error&quot;: &quot;Elemento não encontrado&quot;}\n&apos;}}}, &apos;securedBy&apos;: &apos;JWT&apos;}} = &lt;built-in method get of dict object at 0x0000023A05072640&gt;(&apos;/agents&apos;)
     +                    where &lt;built-in method get of dict object at 0x0000023A05072640&gt; = {&apos;/agents&apos;: {&apos;/{id}&apos;: {&apos;delete&apos;: {&apos;body&apos;: {&apos;type&apos;: &apos;Agent&apos;}, &apos;responses&apos;: {200: {&apos;body&apos;: {...}}, 401: {&apos;body&apos;: {...}},...zado&quot;}\n&apos;}}, 404: {&apos;body&apos;: {&apos;application/json&apos;: &apos;{&quot;error&quot;: &quot;Elemento não encontrado&quot;}\n&apos;}}}, &apos;securedBy&apos;: &apos;JWT&apos;}}, ...}.get</failure></testcase><testcase classname="test_submit" file="test_submit.py" line="512" name="test_2185" time="0.006117343902587891"><failure message="assert None
 +  where None = &lt;built-in method get of dict object at 0x0000023A04FCA500&gt;(401)
 +    where &lt;built-in method get of dict object at 0x0000023A04FCA500&gt; = {&apos;application/json&apos;: &apos;Event[]&apos;}.get
 +      where {&apos;application/json&apos;: &apos;Event[]&apos;} = &lt;built-in method get of dict object at 0x0000023A04FE5740&gt;(&apos;body&apos;)
 +        where &lt;built-in method get of dict object at 0x0000023A04FE5740&gt; = {&apos;body&apos;: {&apos;application/json&apos;: &apos;Event[]&apos;}, &apos;description&apos;: &apos;Inclui um Evento dentro do ID AGent&apos;, &apos;responses&apos;: {201: {&apos;b...: &quot;Authorization Required&quot;}\n&apos;}}, 404: {&apos;body&apos;: {&apos;application/json&apos;: &apos;{&quot;error&quot;: &quot;Not Found&quot;}\n&apos;}}}, &apos;securedBy&apos;: &apos;JWT&apos;}.get
 +          where {&apos;body&apos;: {&apos;application/json&apos;: &apos;Event[]&apos;}, &apos;description&apos;: &apos;Inclui um Evento dentro do ID AGent&apos;, &apos;responses&apos;: {201: {&apos;b...: &quot;Authorization Required&quot;}\n&apos;}}, 404: {&apos;body&apos;: {&apos;application/json&apos;: &apos;{&quot;error&quot;: &quot;Not Found&quot;}\n&apos;}}}, &apos;securedBy&apos;: &apos;JWT&apos;} = &lt;built-in method get of dict object at 0x0000023A04FE5140&gt;(&apos;post&apos;)
 +            where &lt;built-in method get of dict object at 0x0000023A04FE5140&gt; = {&apos;/{id}&apos;: {&apos;delete&apos;: {&apos;body&apos;: {&apos;application/json&apos;: &apos;Event[]&apos;}, &apos;description&apos;: &apos;Exclui um Evento de um Agent&apos;, &apos;respons...horization Required&quot;}\n&apos;}}, 404: {&apos;body&apos;: {&apos;application/json&apos;: &apos;{&quot;error&quot;: &quot;Not Found&quot;}\n&apos;}}}, &apos;securedBy&apos;: &apos;JWT&apos;}, ...}.get
 +              where {&apos;/{id}&apos;: {&apos;delete&apos;: {&apos;body&apos;: {&apos;application/json&apos;: &apos;Event[]&apos;}, &apos;description&apos;: &apos;Exclui um Evento de um Agent&apos;, &apos;respons...horization Required&quot;}\n&apos;}}, 404: {&apos;body&apos;: {&apos;application/json&apos;: &apos;{&quot;error&quot;: &quot;Not Found&quot;}\n&apos;}}}, &apos;securedBy&apos;: &apos;JWT&apos;}, ...} = &lt;built-in method get of dict object at 0x0000023A04FEB740&gt;(&apos;/{id}/events&apos;)
 +                where &lt;built-in method get of dict object at 0x0000023A04FEB740&gt; = {&apos;/{id}&apos;: {&apos;delete&apos;: {&apos;body&apos;: {&apos;type&apos;: &apos;Agent&apos;}, &apos;responses&apos;: {200: {&apos;body&apos;: {&apos;application/json&apos;: &apos;{&quot;mensager&quot;: &quot;Eleme...autorizado&quot;}\n&apos;}}, 404: {&apos;body&apos;: {&apos;application/json&apos;: &apos;{&quot;error&quot;: &quot;Elemento não encontrado&quot;}\n&apos;}}}, &apos;securedBy&apos;: &apos;JWT&apos;}}.get
 +                  where {&apos;/{id}&apos;: {&apos;delete&apos;: {&apos;body&apos;: {&apos;type&apos;: &apos;Agent&apos;}, &apos;responses&apos;: {200: {&apos;body&apos;: {&apos;application/json&apos;: &apos;{&quot;mensager&quot;: &quot;Eleme...autorizado&quot;}\n&apos;}}, 404: {&apos;body&apos;: {&apos;application/json&apos;: &apos;{&quot;error&quot;: &quot;Elemento não encontrado&quot;}\n&apos;}}}, &apos;securedBy&apos;: &apos;JWT&apos;}} = &lt;built-in method get of dict object at 0x0000023A05072640&gt;(&apos;/agents&apos;)
 +                    where &lt;built-in method get of dict object at 0x0000023A05072640&gt; = {&apos;/agents&apos;: {&apos;/{id}&apos;: {&apos;delete&apos;: {&apos;body&apos;: {&apos;type&apos;: &apos;Agent&apos;}, &apos;responses&apos;: {200: {&apos;body&apos;: {...}}, 401: {&apos;body&apos;: {...}},...zado&quot;}\n&apos;}}, 404: {&apos;body&apos;: {&apos;application/json&apos;: &apos;{&quot;error&quot;: &quot;Elemento não encontrado&quot;}\n&apos;}}}, &apos;securedBy&apos;: &apos;JWT&apos;}}, ...}.get">E   assert None
     +  where None = &lt;built-in method get of dict object at 0x0000023A04FCA500&gt;(401)
     +    where &lt;built-in method get of dict object at 0x0000023A04FCA500&gt; = {&apos;application/json&apos;: &apos;Event[]&apos;}.get
     +      where {&apos;application/json&apos;: &apos;Event[]&apos;} = &lt;built-in method get of dict object at 0x0000023A04FE5740&gt;(&apos;body&apos;)
     +        where &lt;built-in method get of dict object at 0x0000023A04FE5740&gt; = {&apos;body&apos;: {&apos;application/json&apos;: &apos;Event[]&apos;}, &apos;description&apos;: &apos;Inclui um Evento dentro do ID AGent&apos;, &apos;responses&apos;: {201: {&apos;b...: &quot;Authorization Required&quot;}\n&apos;}}, 404: {&apos;body&apos;: {&apos;application/json&apos;: &apos;{&quot;error&quot;: &quot;Not Found&quot;}\n&apos;}}}, &apos;securedBy&apos;: &apos;JWT&apos;}.get
     +          where {&apos;body&apos;: {&apos;application/json&apos;: &apos;Event[]&apos;}, &apos;description&apos;: &apos;Inclui um Evento dentro do ID AGent&apos;, &apos;responses&apos;: {201: {&apos;b...: &quot;Authorization Required&quot;}\n&apos;}}, 404: {&apos;body&apos;: {&apos;application/json&apos;: &apos;{&quot;error&quot;: &quot;Not Found&quot;}\n&apos;}}}, &apos;securedBy&apos;: &apos;JWT&apos;} = &lt;built-in method get of dict object at 0x0000023A04FE5140&gt;(&apos;post&apos;)
     +            where &lt;built-in method get of dict object at 0x0000023A04FE5140&gt; = {&apos;/{id}&apos;: {&apos;delete&apos;: {&apos;body&apos;: {&apos;application/json&apos;: &apos;Event[]&apos;}, &apos;description&apos;: &apos;Exclui um Evento de um Agent&apos;, &apos;respons...horization Required&quot;}\n&apos;}}, 404: {&apos;body&apos;: {&apos;application/json&apos;: &apos;{&quot;error&quot;: &quot;Not Found&quot;}\n&apos;}}}, &apos;securedBy&apos;: &apos;JWT&apos;}, ...}.get
     +              where {&apos;/{id}&apos;: {&apos;delete&apos;: {&apos;body&apos;: {&apos;application/json&apos;: &apos;Event[]&apos;}, &apos;description&apos;: &apos;Exclui um Evento de um Agent&apos;, &apos;respons...horization Required&quot;}\n&apos;}}, 404: {&apos;body&apos;: {&apos;application/json&apos;: &apos;{&quot;error&quot;: &quot;Not Found&quot;}\n&apos;}}}, &apos;securedBy&apos;: &apos;JWT&apos;}, ...} = &lt;built-in method get of dict object at 0x0000023A04FEB740&gt;(&apos;/{id}/events&apos;)
     +                where &lt;built-in method get of dict object at 0x0000023A04FEB740&gt; = {&apos;/{id}&apos;: {&apos;delete&apos;: {&apos;body&apos;: {&apos;type&apos;: &apos;Agent&apos;}, &apos;responses&apos;: {200: {&apos;body&apos;: {&apos;application/json&apos;: &apos;{&quot;mensager&quot;: &quot;Eleme...autorizado&quot;}\n&apos;}}, 404: {&apos;body&apos;: {&apos;application/json&apos;: &apos;{&quot;error&quot;: &quot;Elemento não encontrado&quot;}\n&apos;}}}, &apos;securedBy&apos;: &apos;JWT&apos;}}.get
     +                  where {&apos;/{id}&apos;: {&apos;delete&apos;: {&apos;body&apos;: {&apos;type&apos;: &apos;Agent&apos;}, &apos;responses&apos;: {200: {&apos;body&apos;: {&apos;application/json&apos;: &apos;{&quot;mensager&quot;: &quot;Eleme...autorizado&quot;}\n&apos;}}, 404: {&apos;body&apos;: {&apos;application/json&apos;: &apos;{&quot;error&quot;: &quot;Elemento não encontrado&quot;}\n&apos;}}}, &apos;securedBy&apos;: &apos;JWT&apos;}} = &lt;built-in method get of dict object at 0x0000023A05072640&gt;(&apos;/agents&apos;)
     +                    where &lt;built-in method get of dict object at 0x0000023A05072640&gt; = {&apos;/agents&apos;: {&apos;/{id}&apos;: {&apos;delete&apos;: {&apos;body&apos;: {&apos;type&apos;: &apos;Agent&apos;}, &apos;responses&apos;: {200: {&apos;body&apos;: {...}}, 401: {&apos;body&apos;: {...}},...zado&quot;}\n&apos;}}, 404: {&apos;body&apos;: {&apos;application/json&apos;: &apos;{&quot;error&quot;: &quot;Elemento não encontrado&quot;}\n&apos;}}}, &apos;securedBy&apos;: &apos;JWT&apos;}}, ...}.get</failure></testcase><testcase classname="test_submit" file="test_submit.py" line="516" name="test_2580" time="0.0025184154510498047"><failure message="assert None
 +  where None = &lt;built-in method get of dict object at 0x0000023A04FCA500&gt;(404)
 +    where &lt;built-in method get of dict object at 0x0000023A04FCA500&gt; = {&apos;application/json&apos;: &apos;Event[]&apos;}.get
 +      where {&apos;application/json&apos;: &apos;Event[]&apos;} = &lt;built-in method get of dict object at 0x0000023A04FE5740&gt;(&apos;body&apos;)
 +        where &lt;built-in method get of dict object at 0x0000023A04FE5740&gt; = {&apos;body&apos;: {&apos;application/json&apos;: &apos;Event[]&apos;}, &apos;description&apos;: &apos;Inclui um Evento dentro do ID AGent&apos;, &apos;responses&apos;: {201: {&apos;b...: &quot;Authorization Required&quot;}\n&apos;}}, 404: {&apos;body&apos;: {&apos;application/json&apos;: &apos;{&quot;error&quot;: &quot;Not Found&quot;}\n&apos;}}}, &apos;securedBy&apos;: &apos;JWT&apos;}.get
 +          where {&apos;body&apos;: {&apos;application/json&apos;: &apos;Event[]&apos;}, &apos;description&apos;: &apos;Inclui um Evento dentro do ID AGent&apos;, &apos;responses&apos;: {201: {&apos;b...: &quot;Authorization Required&quot;}\n&apos;}}, 404: {&apos;body&apos;: {&apos;application/json&apos;: &apos;{&quot;error&quot;: &quot;Not Found&quot;}\n&apos;}}}, &apos;securedBy&apos;: &apos;JWT&apos;} = &lt;built-in method get of dict object at 0x0000023A04FE5140&gt;(&apos;post&apos;)
 +            where &lt;built-in method get of dict object at 0x0000023A04FE5140&gt; = {&apos;/{id}&apos;: {&apos;delete&apos;: {&apos;body&apos;: {&apos;application/json&apos;: &apos;Event[]&apos;}, &apos;description&apos;: &apos;Exclui um Evento de um Agent&apos;, &apos;respons...horization Required&quot;}\n&apos;}}, 404: {&apos;body&apos;: {&apos;application/json&apos;: &apos;{&quot;error&quot;: &quot;Not Found&quot;}\n&apos;}}}, &apos;securedBy&apos;: &apos;JWT&apos;}, ...}.get
 +              where {&apos;/{id}&apos;: {&apos;delete&apos;: {&apos;body&apos;: {&apos;application/json&apos;: &apos;Event[]&apos;}, &apos;description&apos;: &apos;Exclui um Evento de um Agent&apos;, &apos;respons...horization Required&quot;}\n&apos;}}, 404: {&apos;body&apos;: {&apos;application/json&apos;: &apos;{&quot;error&quot;: &quot;Not Found&quot;}\n&apos;}}}, &apos;securedBy&apos;: &apos;JWT&apos;}, ...} = &lt;built-in method get of dict object at 0x0000023A04FEB740&gt;(&apos;/{id}/events&apos;)
 +                where &lt;built-in method get of dict object at 0x0000023A04FEB740&gt; = {&apos;/{id}&apos;: {&apos;delete&apos;: {&apos;body&apos;: {&apos;type&apos;: &apos;Agent&apos;}, &apos;responses&apos;: {200: {&apos;body&apos;: {&apos;application/json&apos;: &apos;{&quot;mensager&quot;: &quot;Eleme...autorizado&quot;}\n&apos;}}, 404: {&apos;body&apos;: {&apos;application/json&apos;: &apos;{&quot;error&quot;: &quot;Elemento não encontrado&quot;}\n&apos;}}}, &apos;securedBy&apos;: &apos;JWT&apos;}}.get
 +                  where {&apos;/{id}&apos;: {&apos;delete&apos;: {&apos;body&apos;: {&apos;type&apos;: &apos;Agent&apos;}, &apos;responses&apos;: {200: {&apos;body&apos;: {&apos;application/json&apos;: &apos;{&quot;mensager&quot;: &quot;Eleme...autorizado&quot;}\n&apos;}}, 404: {&apos;body&apos;: {&apos;application/json&apos;: &apos;{&quot;error&quot;: &quot;Elemento não encontrado&quot;}\n&apos;}}}, &apos;securedBy&apos;: &apos;JWT&apos;}} = &lt;built-in method get of dict object at 0x0000023A05072640&gt;(&apos;/agents&apos;)
 +                    where &lt;built-in method get of dict object at 0x0000023A05072640&gt; = {&apos;/agents&apos;: {&apos;/{id}&apos;: {&apos;delete&apos;: {&apos;body&apos;: {&apos;type&apos;: &apos;Agent&apos;}, &apos;responses&apos;: {200: {&apos;body&apos;: {...}}, 401: {&apos;body&apos;: {...}},...zado&quot;}\n&apos;}}, 404: {&apos;body&apos;: {&apos;application/json&apos;: &apos;{&quot;error&quot;: &quot;Elemento não encontrado&quot;}\n&apos;}}}, &apos;securedBy&apos;: &apos;JWT&apos;}}, ...}.get">E   assert None
     +  where None = &lt;built-in method get of dict object at 0x0000023A04FCA500&gt;(404)
     +    where &lt;built-in method get of dict object at 0x0000023A04FCA500&gt; = {&apos;application/json&apos;: &apos;Event[]&apos;}.get
     +      where {&apos;application/json&apos;: &apos;Event[]&apos;} = &lt;built-in method get of dict object at 0x0000023A04FE5740&gt;(&apos;body&apos;)
     +        where &lt;built-in method get of dict object at 0x0000023A04FE5740&gt; = {&apos;body&apos;: {&apos;application/json&apos;: &apos;Event[]&apos;}, &apos;description&apos;: &apos;Inclui um Evento dentro do ID AGent&apos;, &apos;responses&apos;: {201: {&apos;b...: &quot;Authorization Required&quot;}\n&apos;}}, 404: {&apos;body&apos;: {&apos;application/json&apos;: &apos;{&quot;error&quot;: &quot;Not Found&quot;}\n&apos;}}}, &apos;securedBy&apos;: &apos;JWT&apos;}.get
     +          where {&apos;body&apos;: {&apos;application/json&apos;: &apos;Event[]&apos;}, &apos;description&apos;: &apos;Inclui um Evento dentro do ID AGent&apos;, &apos;responses&apos;: {201: {&apos;b...: &quot;Authorization Required&quot;}\n&apos;}}, 404: {&apos;body&apos;: {&apos;application/json&apos;: &apos;{&quot;error&quot;: &quot;Not Found&quot;}\n&apos;}}}, &apos;securedBy&apos;: &apos;JWT&apos;} = &lt;built-in method get of dict object at 0x0000023A04FE5140&gt;(&apos;post&apos;)
     +            where &lt;built-in method get of dict object at 0x0000023A04FE5140&gt; = {&apos;/{id}&apos;: {&apos;delete&apos;: {&apos;body&apos;: {&apos;application/json&apos;: &apos;Event[]&apos;}, &apos;description&apos;: &apos;Exclui um Evento de um Agent&apos;, &apos;respons...horization Required&quot;}\n&apos;}}, 404: {&apos;body&apos;: {&apos;application/json&apos;: &apos;{&quot;error&quot;: &quot;Not Found&quot;}\n&apos;}}}, &apos;securedBy&apos;: &apos;JWT&apos;}, ...}.get
     +              where {&apos;/{id}&apos;: {&apos;delete&apos;: {&apos;body&apos;: {&apos;application/json&apos;: &apos;Event[]&apos;}, &apos;description&apos;: &apos;Exclui um Evento de um Agent&apos;, &apos;respons...horization Required&quot;}\n&apos;}}, 404: {&apos;body&apos;: {&apos;application/json&apos;: &apos;{&quot;error&quot;: &quot;Not Found&quot;}\n&apos;}}}, &apos;securedBy&apos;: &apos;JWT&apos;}, ...} = &lt;built-in method get of dict object at 0x0000023A04FEB740&gt;(&apos;/{id}/events&apos;)
     +                where &lt;built-in method get of dict object at 0x0000023A04FEB740&gt; = {&apos;/{id}&apos;: {&apos;delete&apos;: {&apos;body&apos;: {&apos;type&apos;: &apos;Agent&apos;}, &apos;responses&apos;: {200: {&apos;body&apos;: {&apos;application/json&apos;: &apos;{&quot;mensager&quot;: &quot;Eleme...autorizado&quot;}\n&apos;}}, 404: {&apos;body&apos;: {&apos;application/json&apos;: &apos;{&quot;error&quot;: &quot;Elemento não encontrado&quot;}\n&apos;}}}, &apos;securedBy&apos;: &apos;JWT&apos;}}.get
     +                  where {&apos;/{id}&apos;: {&apos;delete&apos;: {&apos;body&apos;: {&apos;type&apos;: &apos;Agent&apos;}, &apos;responses&apos;: {200: {&apos;body&apos;: {&apos;application/json&apos;: &apos;{&quot;mensager&quot;: &quot;Eleme...autorizado&quot;}\n&apos;}}, 404: {&apos;body&apos;: {&apos;application/json&apos;: &apos;{&quot;error&quot;: &quot;Elemento não encontrado&quot;}\n&apos;}}}, &apos;securedBy&apos;: &apos;JWT&apos;}} = &lt;built-in method get of dict object at 0x0000023A05072640&gt;(&apos;/agents&apos;)
     +                    where &lt;built-in method get of dict object at 0x0000023A05072640&gt; = {&apos;/agents&apos;: {&apos;/{id}&apos;: {&apos;delete&apos;: {&apos;body&apos;: {&apos;type&apos;: &apos;Agent&apos;}, &apos;responses&apos;: {200: {&apos;body&apos;: {...}}, 401: {&apos;body&apos;: {...}},...zado&quot;}\n&apos;}}, 404: {&apos;body&apos;: {&apos;application/json&apos;: &apos;{&quot;error&quot;: &quot;Elemento não encontrado&quot;}\n&apos;}}}, &apos;securedBy&apos;: &apos;JWT&apos;}}, ...}.get</failure></testcase><testcase classname="test_submit" file="test_submit.py" line="520" name="test_1148" time="0.002742767333984375"></testcase><testcase classname="test_submit" file="test_submit.py" line="524" name="test_2780" time="0.0010945796966552734"></testcase><testcase classname="test_submit" file="test_submit.py" line="528" name="test_2805" time="0.0035305023193359375"></testcase><testcase classname="test_submit" file="test_submit.py" line="532" name="test_2415" time="0.0017824172973632812"></testcase><testcase classname="test_submit" file="test_submit.py" line="536" name="test_2010" time="0.0010864734649658203"></testcase><testcase classname="test_submit" file="test_submit.py" line="540" name="test_2545" time="0.00151824951171875"></testcase><testcase classname="test_submit" file="test_submit.py" line="544" name="test_2700" time="0.0"></testcase><testcase classname="test_submit" file="test_submit.py" line="548" name="test_1808" time="0.0009350776672363281"></testcase><testcase classname="test_submit" file="test_submit.py" line="552" name="test_2880" time="0.0010251998901367188"></testcase><testcase classname="test_submit" file="test_submit.py" line="556" name="test_2595" time="0.0019497871398925781"></testcase><testcase classname="test_submit" file="test_submit.py" line="560" name="test_2575" time="0.0009176731109619141"></testcase><testcase classname="test_submit" file="test_submit.py" line="568" name="test_2035" time="0.0019769668579101562"><failure message="assert None
 +  where None = &lt;built-in method get of dict object at 0x0000023A04FCA580&gt;(200)
 +    where &lt;built-in method get of dict object at 0x0000023A04FCA580&gt; = {&apos;application/json&apos;: &apos;Event[]&apos;}.get
 +      where {&apos;application/json&apos;: &apos;Event[]&apos;} = &lt;built-in method get of dict object at 0x0000023A04FE5780&gt;(&apos;body&apos;)
 +        where &lt;built-in method get of dict object at 0x0000023A04FE5780&gt; = {&apos;body&apos;: {&apos;application/json&apos;: &apos;Event[]&apos;}, &apos;description&apos;: &apos;Altera um Evento de um Agent&apos;, &apos;responses&apos;: {200: {&apos;body&apos;: {... autorizado&quot;}\n&apos;}}, 404: {&apos;body&apos;: {&apos;application/json&apos;: &apos;{&quot;error&quot;: &quot;Elemento não encontrado&quot;}\n&apos;}}}, &apos;securedBy&apos;: &apos;JWT&apos;}.get
 +          where {&apos;body&apos;: {&apos;application/json&apos;: &apos;Event[]&apos;}, &apos;description&apos;: &apos;Altera um Evento de um Agent&apos;, &apos;responses&apos;: {200: {&apos;body&apos;: {... autorizado&quot;}\n&apos;}}, 404: {&apos;body&apos;: {&apos;application/json&apos;: &apos;{&quot;error&quot;: &quot;Elemento não encontrado&quot;}\n&apos;}}}, &apos;securedBy&apos;: &apos;JWT&apos;} = &lt;built-in method get of dict object at 0x0000023A04FE5140&gt;(&apos;put&apos;)
 +            where &lt;built-in method get of dict object at 0x0000023A04FE5140&gt; = {&apos;/{id}&apos;: {&apos;delete&apos;: {&apos;body&apos;: {&apos;application/json&apos;: &apos;Event[]&apos;}, &apos;description&apos;: &apos;Exclui um Evento de um Agent&apos;, &apos;respons...horization Required&quot;}\n&apos;}}, 404: {&apos;body&apos;: {&apos;application/json&apos;: &apos;{&quot;error&quot;: &quot;Not Found&quot;}\n&apos;}}}, &apos;securedBy&apos;: &apos;JWT&apos;}, ...}.get
 +              where {&apos;/{id}&apos;: {&apos;delete&apos;: {&apos;body&apos;: {&apos;application/json&apos;: &apos;Event[]&apos;}, &apos;description&apos;: &apos;Exclui um Evento de um Agent&apos;, &apos;respons...horization Required&quot;}\n&apos;}}, 404: {&apos;body&apos;: {&apos;application/json&apos;: &apos;{&quot;error&quot;: &quot;Not Found&quot;}\n&apos;}}}, &apos;securedBy&apos;: &apos;JWT&apos;}, ...} = &lt;built-in method get of dict object at 0x0000023A04FEB740&gt;(&apos;/{id}/events&apos;)
 +                where &lt;built-in method get of dict object at 0x0000023A04FEB740&gt; = {&apos;/{id}&apos;: {&apos;delete&apos;: {&apos;body&apos;: {&apos;type&apos;: &apos;Agent&apos;}, &apos;responses&apos;: {200: {&apos;body&apos;: {&apos;application/json&apos;: &apos;{&quot;mensager&quot;: &quot;Eleme...autorizado&quot;}\n&apos;}}, 404: {&apos;body&apos;: {&apos;application/json&apos;: &apos;{&quot;error&quot;: &quot;Elemento não encontrado&quot;}\n&apos;}}}, &apos;securedBy&apos;: &apos;JWT&apos;}}.get
 +                  where {&apos;/{id}&apos;: {&apos;delete&apos;: {&apos;body&apos;: {&apos;type&apos;: &apos;Agent&apos;}, &apos;responses&apos;: {200: {&apos;body&apos;: {&apos;application/json&apos;: &apos;{&quot;mensager&quot;: &quot;Eleme...autorizado&quot;}\n&apos;}}, 404: {&apos;body&apos;: {&apos;application/json&apos;: &apos;{&quot;error&quot;: &quot;Elemento não encontrado&quot;}\n&apos;}}}, &apos;securedBy&apos;: &apos;JWT&apos;}} = &lt;built-in method get of dict object at 0x0000023A05072640&gt;(&apos;/agents&apos;)
 +                    where &lt;built-in method get of dict object at 0x0000023A05072640&gt; = {&apos;/agents&apos;: {&apos;/{id}&apos;: {&apos;delete&apos;: {&apos;body&apos;: {&apos;type&apos;: &apos;Agent&apos;}, &apos;responses&apos;: {200: {&apos;body&apos;: {...}}, 401: {&apos;body&apos;: {...}},...zado&quot;}\n&apos;}}, 404: {&apos;body&apos;: {&apos;application/json&apos;: &apos;{&quot;error&quot;: &quot;Elemento não encontrado&quot;}\n&apos;}}}, &apos;securedBy&apos;: &apos;JWT&apos;}}, ...}.get">E   assert None
     +  where None = &lt;built-in method get of dict object at 0x0000023A04FCA580&gt;(200)
     +    where &lt;built-in method get of dict object at 0x0000023A04FCA580&gt; = {&apos;application/json&apos;: &apos;Event[]&apos;}.get
     +      where {&apos;application/json&apos;: &apos;Event[]&apos;} = &lt;built-in method get of dict object at 0x0000023A04FE5780&gt;(&apos;body&apos;)
     +        where &lt;built-in method get of dict object at 0x0000023A04FE5780&gt; = {&apos;body&apos;: {&apos;application/json&apos;: &apos;Event[]&apos;}, &apos;description&apos;: &apos;Altera um Evento de um Agent&apos;, &apos;responses&apos;: {200: {&apos;body&apos;: {... autorizado&quot;}\n&apos;}}, 404: {&apos;body&apos;: {&apos;application/json&apos;: &apos;{&quot;error&quot;: &quot;Elemento não encontrado&quot;}\n&apos;}}}, &apos;securedBy&apos;: &apos;JWT&apos;}.get
     +          where {&apos;body&apos;: {&apos;application/json&apos;: &apos;Event[]&apos;}, &apos;description&apos;: &apos;Altera um Evento de um Agent&apos;, &apos;responses&apos;: {200: {&apos;body&apos;: {... autorizado&quot;}\n&apos;}}, 404: {&apos;body&apos;: {&apos;application/json&apos;: &apos;{&quot;error&quot;: &quot;Elemento não encontrado&quot;}\n&apos;}}}, &apos;securedBy&apos;: &apos;JWT&apos;} = &lt;built-in method get of dict object at 0x0000023A04FE5140&gt;(&apos;put&apos;)
     +            where &lt;built-in method get of dict object at 0x0000023A04FE5140&gt; = {&apos;/{id}&apos;: {&apos;delete&apos;: {&apos;body&apos;: {&apos;application/json&apos;: &apos;Event[]&apos;}, &apos;description&apos;: &apos;Exclui um Evento de um Agent&apos;, &apos;respons...horization Required&quot;}\n&apos;}}, 404: {&apos;body&apos;: {&apos;application/json&apos;: &apos;{&quot;error&quot;: &quot;Not Found&quot;}\n&apos;}}}, &apos;securedBy&apos;: &apos;JWT&apos;}, ...}.get
     +              where {&apos;/{id}&apos;: {&apos;delete&apos;: {&apos;body&apos;: {&apos;application/json&apos;: &apos;Event[]&apos;}, &apos;description&apos;: &apos;Exclui um Evento de um Agent&apos;, &apos;respons...horization Required&quot;}\n&apos;}}, 404: {&apos;body&apos;: {&apos;application/json&apos;: &apos;{&quot;error&quot;: &quot;Not Found&quot;}\n&apos;}}}, &apos;securedBy&apos;: &apos;JWT&apos;}, ...} = &lt;built-in method get of dict object at 0x0000023A04FEB740&gt;(&apos;/{id}/events&apos;)
     +                where &lt;built-in method get of dict object at 0x0000023A04FEB740&gt; = {&apos;/{id}&apos;: {&apos;delete&apos;: {&apos;body&apos;: {&apos;type&apos;: &apos;Agent&apos;}, &apos;responses&apos;: {200: {&apos;body&apos;: {&apos;application/json&apos;: &apos;{&quot;mensager&quot;: &quot;Eleme...autorizado&quot;}\n&apos;}}, 404: {&apos;body&apos;: {&apos;application/json&apos;: &apos;{&quot;error&quot;: &quot;Elemento não encontrado&quot;}\n&apos;}}}, &apos;securedBy&apos;: &apos;JWT&apos;}}.get
     +                  where {&apos;/{id}&apos;: {&apos;delete&apos;: {&apos;body&apos;: {&apos;type&apos;: &apos;Agent&apos;}, &apos;responses&apos;: {200: {&apos;body&apos;: {&apos;application/json&apos;: &apos;{&quot;mensager&quot;: &quot;Eleme...autorizado&quot;}\n&apos;}}, 404: {&apos;body&apos;: {&apos;application/json&apos;: &apos;{&quot;error&quot;: &quot;Elemento não encontrado&quot;}\n&apos;}}}, &apos;securedBy&apos;: &apos;JWT&apos;}} = &lt;built-in method get of dict object at 0x0000023A05072640&gt;(&apos;/agents&apos;)
     +                    where &lt;built-in method get of dict object at 0x0000023A05072640&gt; = {&apos;/agents&apos;: {&apos;/{id}&apos;: {&apos;delete&apos;: {&apos;body&apos;: {&apos;type&apos;: &apos;Agent&apos;}, &apos;responses&apos;: {200: {&apos;body&apos;: {...}}, 401: {&apos;body&apos;: {...}},...zado&quot;}\n&apos;}}, 404: {&apos;body&apos;: {&apos;application/json&apos;: &apos;{&quot;error&quot;: &quot;Elemento não encontrado&quot;}\n&apos;}}}, &apos;securedBy&apos;: &apos;JWT&apos;}}, ...}.get</failure></testcase><testcase classname="test_submit" file="test_submit.py" line="572" name="test_2855" time="0.0033767223358154297"><failure message="assert None
 +  where None = &lt;built-in method get of dict object at 0x0000023A04FCA580&gt;(401)
 +    where &lt;built-in method get of dict object at 0x0000023A04FCA580&gt; = {&apos;application/json&apos;: &apos;Event[]&apos;}.get
 +      where {&apos;application/json&apos;: &apos;Event[]&apos;} = &lt;built-in method get of dict object at 0x0000023A04FE5780&gt;(&apos;body&apos;)
 +        where &lt;built-in method get of dict object at 0x0000023A04FE5780&gt; = {&apos;body&apos;: {&apos;application/json&apos;: &apos;Event[]&apos;}, &apos;description&apos;: &apos;Altera um Evento de um Agent&apos;, &apos;responses&apos;: {200: {&apos;body&apos;: {... autorizado&quot;}\n&apos;}}, 404: {&apos;body&apos;: {&apos;application/json&apos;: &apos;{&quot;error&quot;: &quot;Elemento não encontrado&quot;}\n&apos;}}}, &apos;securedBy&apos;: &apos;JWT&apos;}.get
 +          where {&apos;body&apos;: {&apos;application/json&apos;: &apos;Event[]&apos;}, &apos;description&apos;: &apos;Altera um Evento de um Agent&apos;, &apos;responses&apos;: {200: {&apos;body&apos;: {... autorizado&quot;}\n&apos;}}, 404: {&apos;body&apos;: {&apos;application/json&apos;: &apos;{&quot;error&quot;: &quot;Elemento não encontrado&quot;}\n&apos;}}}, &apos;securedBy&apos;: &apos;JWT&apos;} = &lt;built-in method get of dict object at 0x0000023A04FE5140&gt;(&apos;put&apos;)
 +            where &lt;built-in method get of dict object at 0x0000023A04FE5140&gt; = {&apos;/{id}&apos;: {&apos;delete&apos;: {&apos;body&apos;: {&apos;application/json&apos;: &apos;Event[]&apos;}, &apos;description&apos;: &apos;Exclui um Evento de um Agent&apos;, &apos;respons...horization Required&quot;}\n&apos;}}, 404: {&apos;body&apos;: {&apos;application/json&apos;: &apos;{&quot;error&quot;: &quot;Not Found&quot;}\n&apos;}}}, &apos;securedBy&apos;: &apos;JWT&apos;}, ...}.get
 +              where {&apos;/{id}&apos;: {&apos;delete&apos;: {&apos;body&apos;: {&apos;application/json&apos;: &apos;Event[]&apos;}, &apos;description&apos;: &apos;Exclui um Evento de um Agent&apos;, &apos;respons...horization Required&quot;}\n&apos;}}, 404: {&apos;body&apos;: {&apos;application/json&apos;: &apos;{&quot;error&quot;: &quot;Not Found&quot;}\n&apos;}}}, &apos;securedBy&apos;: &apos;JWT&apos;}, ...} = &lt;built-in method get of dict object at 0x0000023A04FEB740&gt;(&apos;/{id}/events&apos;)
 +                where &lt;built-in method get of dict object at 0x0000023A04FEB740&gt; = {&apos;/{id}&apos;: {&apos;delete&apos;: {&apos;body&apos;: {&apos;type&apos;: &apos;Agent&apos;}, &apos;responses&apos;: {200: {&apos;body&apos;: {&apos;application/json&apos;: &apos;{&quot;mensager&quot;: &quot;Eleme...autorizado&quot;}\n&apos;}}, 404: {&apos;body&apos;: {&apos;application/json&apos;: &apos;{&quot;error&quot;: &quot;Elemento não encontrado&quot;}\n&apos;}}}, &apos;securedBy&apos;: &apos;JWT&apos;}}.get
 +                  where {&apos;/{id}&apos;: {&apos;delete&apos;: {&apos;body&apos;: {&apos;type&apos;: &apos;Agent&apos;}, &apos;responses&apos;: {200: {&apos;body&apos;: {&apos;application/json&apos;: &apos;{&quot;mensager&quot;: &quot;Eleme...autorizado&quot;}\n&apos;}}, 404: {&apos;body&apos;: {&apos;application/json&apos;: &apos;{&quot;error&quot;: &quot;Elemento não encontrado&quot;}\n&apos;}}}, &apos;securedBy&apos;: &apos;JWT&apos;}} = &lt;built-in method get of dict object at 0x0000023A05072640&gt;(&apos;/agents&apos;)
 +                    where &lt;built-in method get of dict object at 0x0000023A05072640&gt; = {&apos;/agents&apos;: {&apos;/{id}&apos;: {&apos;delete&apos;: {&apos;body&apos;: {&apos;type&apos;: &apos;Agent&apos;}, &apos;responses&apos;: {200: {&apos;body&apos;: {...}}, 401: {&apos;body&apos;: {...}},...zado&quot;}\n&apos;}}, 404: {&apos;body&apos;: {&apos;application/json&apos;: &apos;{&quot;error&quot;: &quot;Elemento não encontrado&quot;}\n&apos;}}}, &apos;securedBy&apos;: &apos;JWT&apos;}}, ...}.get">E   assert None
     +  where None = &lt;built-in method get of dict object at 0x0000023A04FCA580&gt;(401)
     +    where &lt;built-in method get of dict object at 0x0000023A04FCA580&gt; = {&apos;application/json&apos;: &apos;Event[]&apos;}.get
     +      where {&apos;application/json&apos;: &apos;Event[]&apos;} = &lt;built-in method get of dict object at 0x0000023A04FE5780&gt;(&apos;body&apos;)
     +        where &lt;built-in method get of dict object at 0x0000023A04FE5780&gt; = {&apos;body&apos;: {&apos;application/json&apos;: &apos;Event[]&apos;}, &apos;description&apos;: &apos;Altera um Evento de um Agent&apos;, &apos;responses&apos;: {200: {&apos;body&apos;: {... autorizado&quot;}\n&apos;}}, 404: {&apos;body&apos;: {&apos;application/json&apos;: &apos;{&quot;error&quot;: &quot;Elemento não encontrado&quot;}\n&apos;}}}, &apos;securedBy&apos;: &apos;JWT&apos;}.get
     +          where {&apos;body&apos;: {&apos;application/json&apos;: &apos;Event[]&apos;}, &apos;description&apos;: &apos;Altera um Evento de um Agent&apos;, &apos;responses&apos;: {200: {&apos;body&apos;: {... autorizado&quot;}\n&apos;}}, 404: {&apos;body&apos;: {&apos;application/json&apos;: &apos;{&quot;error&quot;: &quot;Elemento não encontrado&quot;}\n&apos;}}}, &apos;securedBy&apos;: &apos;JWT&apos;} = &lt;built-in method get of dict object at 0x0000023A04FE5140&gt;(&apos;put&apos;)
     +            where &lt;built-in method get of dict object at 0x0000023A04FE5140&gt; = {&apos;/{id}&apos;: {&apos;delete&apos;: {&apos;body&apos;: {&apos;application/json&apos;: &apos;Event[]&apos;}, &apos;description&apos;: &apos;Exclui um Evento de um Agent&apos;, &apos;respons...horization Required&quot;}\n&apos;}}, 404: {&apos;body&apos;: {&apos;application/json&apos;: &apos;{&quot;error&quot;: &quot;Not Found&quot;}\n&apos;}}}, &apos;securedBy&apos;: &apos;JWT&apos;}, ...}.get
     +              where {&apos;/{id}&apos;: {&apos;delete&apos;: {&apos;body&apos;: {&apos;application/json&apos;: &apos;Event[]&apos;}, &apos;description&apos;: &apos;Exclui um Evento de um Agent&apos;, &apos;respons...horization Required&quot;}\n&apos;}}, 404: {&apos;body&apos;: {&apos;application/json&apos;: &apos;{&quot;error&quot;: &quot;Not Found&quot;}\n&apos;}}}, &apos;securedBy&apos;: &apos;JWT&apos;}, ...} = &lt;built-in method get of dict object at 0x0000023A04FEB740&gt;(&apos;/{id}/events&apos;)
     +                where &lt;built-in method get of dict object at 0x0000023A04FEB740&gt; = {&apos;/{id}&apos;: {&apos;delete&apos;: {&apos;body&apos;: {&apos;type&apos;: &apos;Agent&apos;}, &apos;responses&apos;: {200: {&apos;body&apos;: {&apos;application/json&apos;: &apos;{&quot;mensager&quot;: &quot;Eleme...autorizado&quot;}\n&apos;}}, 404: {&apos;body&apos;: {&apos;application/json&apos;: &apos;{&quot;error&quot;: &quot;Elemento não encontrado&quot;}\n&apos;}}}, &apos;securedBy&apos;: &apos;JWT&apos;}}.get
     +                  where {&apos;/{id}&apos;: {&apos;delete&apos;: {&apos;body&apos;: {&apos;type&apos;: &apos;Agent&apos;}, &apos;responses&apos;: {200: {&apos;body&apos;: {&apos;application/json&apos;: &apos;{&quot;mensager&quot;: &quot;Eleme...autorizado&quot;}\n&apos;}}, 404: {&apos;body&apos;: {&apos;application/json&apos;: &apos;{&quot;error&quot;: &quot;Elemento não encontrado&quot;}\n&apos;}}}, &apos;securedBy&apos;: &apos;JWT&apos;}} = &lt;built-in method get of dict object at 0x0000023A05072640&gt;(&apos;/agents&apos;)
     +                    where &lt;built-in method get of dict object at 0x0000023A05072640&gt; = {&apos;/agents&apos;: {&apos;/{id}&apos;: {&apos;delete&apos;: {&apos;body&apos;: {&apos;type&apos;: &apos;Agent&apos;}, &apos;responses&apos;: {200: {&apos;body&apos;: {...}}, 401: {&apos;body&apos;: {...}},...zado&quot;}\n&apos;}}, 404: {&apos;body&apos;: {&apos;application/json&apos;: &apos;{&quot;error&quot;: &quot;Elemento não encontrado&quot;}\n&apos;}}}, &apos;securedBy&apos;: &apos;JWT&apos;}}, ...}.get</failure></testcase><testcase classname="test_submit" file="test_submit.py" line="576" name="test_2450" time="0.0032198429107666016"><failure message="assert None
 +  where None = &lt;built-in method get of dict object at 0x0000023A04FCA580&gt;(404)
 +    where &lt;built-in method get of dict object at 0x0000023A04FCA580&gt; = {&apos;application/json&apos;: &apos;Event[]&apos;}.get
 +      where {&apos;application/json&apos;: &apos;Event[]&apos;} = &lt;built-in method get of dict object at 0x0000023A04FE5780&gt;(&apos;body&apos;)
 +        where &lt;built-in method get of dict object at 0x0000023A04FE5780&gt; = {&apos;body&apos;: {&apos;application/json&apos;: &apos;Event[]&apos;}, &apos;description&apos;: &apos;Altera um Evento de um Agent&apos;, &apos;responses&apos;: {200: {&apos;body&apos;: {... autorizado&quot;}\n&apos;}}, 404: {&apos;body&apos;: {&apos;application/json&apos;: &apos;{&quot;error&quot;: &quot;Elemento não encontrado&quot;}\n&apos;}}}, &apos;securedBy&apos;: &apos;JWT&apos;}.get
 +          where {&apos;body&apos;: {&apos;application/json&apos;: &apos;Event[]&apos;}, &apos;description&apos;: &apos;Altera um Evento de um Agent&apos;, &apos;responses&apos;: {200: {&apos;body&apos;: {... autorizado&quot;}\n&apos;}}, 404: {&apos;body&apos;: {&apos;application/json&apos;: &apos;{&quot;error&quot;: &quot;Elemento não encontrado&quot;}\n&apos;}}}, &apos;securedBy&apos;: &apos;JWT&apos;} = &lt;built-in method get of dict object at 0x0000023A04FE5140&gt;(&apos;put&apos;)
 +            where &lt;built-in method get of dict object at 0x0000023A04FE5140&gt; = {&apos;/{id}&apos;: {&apos;delete&apos;: {&apos;body&apos;: {&apos;application/json&apos;: &apos;Event[]&apos;}, &apos;description&apos;: &apos;Exclui um Evento de um Agent&apos;, &apos;respons...horization Required&quot;}\n&apos;}}, 404: {&apos;body&apos;: {&apos;application/json&apos;: &apos;{&quot;error&quot;: &quot;Not Found&quot;}\n&apos;}}}, &apos;securedBy&apos;: &apos;JWT&apos;}, ...}.get
 +              where {&apos;/{id}&apos;: {&apos;delete&apos;: {&apos;body&apos;: {&apos;application/json&apos;: &apos;Event[]&apos;}, &apos;description&apos;: &apos;Exclui um Evento de um Agent&apos;, &apos;respons...horization Required&quot;}\n&apos;}}, 404: {&apos;body&apos;: {&apos;application/json&apos;: &apos;{&quot;error&quot;: &quot;Not Found&quot;}\n&apos;}}}, &apos;securedBy&apos;: &apos;JWT&apos;}, ...} = &lt;built-in method get of dict object at 0x0000023A04FEB740&gt;(&apos;/{id}/events&apos;)
 +                where &lt;built-in method get of dict object at 0x0000023A04FEB740&gt; = {&apos;/{id}&apos;: {&apos;delete&apos;: {&apos;body&apos;: {&apos;type&apos;: &apos;Agent&apos;}, &apos;responses&apos;: {200: {&apos;body&apos;: {&apos;application/json&apos;: &apos;{&quot;mensager&quot;: &quot;Eleme...autorizado&quot;}\n&apos;}}, 404: {&apos;body&apos;: {&apos;application/json&apos;: &apos;{&quot;error&quot;: &quot;Elemento não encontrado&quot;}\n&apos;}}}, &apos;securedBy&apos;: &apos;JWT&apos;}}.get
 +                  where {&apos;/{id}&apos;: {&apos;delete&apos;: {&apos;body&apos;: {&apos;type&apos;: &apos;Agent&apos;}, &apos;responses&apos;: {200: {&apos;body&apos;: {&apos;application/json&apos;: &apos;{&quot;mensager&quot;: &quot;Eleme...autorizado&quot;}\n&apos;}}, 404: {&apos;body&apos;: {&apos;application/json&apos;: &apos;{&quot;error&quot;: &quot;Elemento não encontrado&quot;}\n&apos;}}}, &apos;securedBy&apos;: &apos;JWT&apos;}} = &lt;built-in method get of dict object at 0x0000023A05072640&gt;(&apos;/agents&apos;)
[...]
     +      where {&apos;responses&apos;: {200: {&apos;body&apos;: {&apos;type&apos;: &apos;Group&apos;}}, 401: {&apos;body&apos;: {&apos;application/json&apos;: &apos;{&quot;error&quot;: &quot;Acesso não autorizado&quot;}\n&apos;}}, 404: {&apos;body&apos;: {&apos;application/json&apos;: &apos;{&quot;error&quot;: &quot;Elemento não encontrado&quot;}\n&apos;}}}, &apos;securedBy&apos;: &apos;JWT&apos;} = &lt;built-in method get of dict object at 0x0000023A04FE5200&gt;(&apos;get&apos;)
     +        where &lt;built-in method get of dict object at 0x0000023A04FE5200&gt; = {&apos;delete&apos;: {&apos;body&apos;: {&apos;type&apos;: &apos;Group&apos;}, &apos;responses&apos;: {200: {&apos;body&apos;: {&apos;application/json&apos;: &apos;{&quot;mensager&quot;: &quot;Elemento removi...autorizado&quot;}\n&apos;}}, 404: {&apos;body&apos;: {&apos;application/json&apos;: &apos;{&quot;error&quot;: &quot;Elemento não encontrado&quot;}\n&apos;}}}, &apos;securedBy&apos;: &apos;JWT&apos;}}.get
     +          where {&apos;delete&apos;: {&apos;body&apos;: {&apos;type&apos;: &apos;Group&apos;}, &apos;responses&apos;: {200: {&apos;body&apos;: {&apos;application/json&apos;: &apos;{&quot;mensager&quot;: &quot;Elemento removi...autorizado&quot;}\n&apos;}}, 404: {&apos;body&apos;: {&apos;application/json&apos;: &apos;{&quot;error&quot;: &quot;Elemento não encontrado&quot;}\n&apos;}}}, &apos;securedBy&apos;: &apos;JWT&apos;}} = &lt;built-in method get of dict object at 0x0000023A04FE1D80&gt;(&apos;/{id}&apos;)
     +            where &lt;built-in method get of dict object at 0x0000023A04FE1D80&gt; = {&apos;/{id}&apos;: {&apos;delete&apos;: {&apos;body&apos;: {&apos;type&apos;: &apos;Group&apos;}, &apos;responses&apos;: {200: {&apos;body&apos;: {&apos;application/json&apos;: &apos;{&quot;mensager&quot;: &quot;Eleme...autorizado&quot;}\n&apos;}}, 404: {&apos;body&apos;: {&apos;application/json&apos;: &apos;{&quot;error&quot;: &quot;Elemento não encontrado&quot;}\n&apos;}}}, &apos;securedBy&apos;: &apos;JWT&apos;}}.get
     +              where {&apos;/{id}&apos;: {&apos;delete&apos;: {&apos;body&apos;: {&apos;type&apos;: &apos;Group&apos;}, &apos;responses&apos;: {200: {&apos;body&apos;: {&apos;application/json&apos;: &apos;{&quot;mensager&quot;: &quot;Eleme...autorizado&quot;}\n&apos;}}, 404: {&apos;body&apos;: {&apos;application/json&apos;: &apos;{&quot;error&quot;: &quot;Elemento não encontrado&quot;}\n&apos;}}}, &apos;securedBy&apos;: &apos;JWT&apos;}} = &lt;built-in method get of dict object at 0x0000023A05072640&gt;(&apos;/groups&apos;)
     +                where &lt;built-in method get of dict object at 0x0000023A05072640&gt; = {&apos;/agents&apos;: {&apos;/{id}&apos;: {&apos;delete&apos;: {&apos;body&apos;: {&apos;type&apos;: &apos;Agent&apos;}, &apos;responses&apos;: {200: {&apos;body&apos;: {...}}, 401: {&apos;body&apos;: {...}},...zado&quot;}\n&apos;}}, 404: {&apos;body&apos;: {&apos;application/json&apos;: &apos;{&quot;error&quot;: &quot;Elemento não encontrado&quot;}\n&apos;}}}, &apos;securedBy&apos;: &apos;JWT&apos;}}, ...}.get</failure></testcase><testcase classname="test_submit" file="test_submit.py" line="856" name="test_2565" time="0.0017926692962646484"></testcase><testcase classname="test_submit" file="test_submit.py" line="860" name="test_2080" time="0.002038240432739258"></testcase><testcase classname="test_submit" file="test_submit.py" line="864" name="test_2120" time="0.0024726390838623047"></testcase><testcase classname="test_submit" file="test_submit.py" line="868" name="test_2250" time="0.0028924942016601562"></testcase><testcase classname="test_submit" file="test_submit.py" line="872" name="test_2270" time="0.0005583763122558594"></testcase><testcase classname="test_submit" file="test_submit.py" line="876" name="test_1904" time="0.0009541511535644531"></testcase><testcase classname="test_submit" file="test_submit.py" line="880" name="test_2130" time="0.003943920135498047"><failure message="assert None
 +  where None = &lt;built-in method get of dict object at 0x0000023A04FE5940&gt;(&apos;description&apos;)
 +    where &lt;built-in method get of dict object at 0x0000023A04FE5940&gt; = {&apos;body&apos;: {&apos;type&apos;: &apos;Group&apos;}, &apos;responses&apos;: {200: {&apos;body&apos;: {&apos;application/json&apos;: &apos;{&quot;ok&quot;: &quot;Elemento atualizado com sucesso&quot;... autorizado&quot;}\n&apos;}}, 404: {&apos;body&apos;: {&apos;application/json&apos;: &apos;{&quot;error&quot;: &quot;Elemento não encontrado&quot;}\n&apos;}}}, &apos;securedBy&apos;: &apos;JWT&apos;}.get
 +      where {&apos;body&apos;: {&apos;type&apos;: &apos;Group&apos;}, &apos;responses&apos;: {200: {&apos;body&apos;: {&apos;application/json&apos;: &apos;{&quot;ok&quot;: &quot;Elemento atualizado com sucesso&quot;... autorizado&quot;}\n&apos;}}, 404: {&apos;body&apos;: {&apos;application/json&apos;: &apos;{&quot;error&quot;: &quot;Elemento não encontrado&quot;}\n&apos;}}}, &apos;securedBy&apos;: &apos;JWT&apos;} = &lt;built-in method get of dict object at 0x0000023A04FE5200&gt;(&apos;put&apos;)
 +        where &lt;built-in method get of dict object at 0x0000023A04FE5200&gt; = {&apos;delete&apos;: {&apos;body&apos;: {&apos;type&apos;: &apos;Group&apos;}, &apos;responses&apos;: {200: {&apos;body&apos;: {&apos;application/json&apos;: &apos;{&quot;mensager&quot;: &quot;Elemento removi...autorizado&quot;}\n&apos;}}, 404: {&apos;body&apos;: {&apos;application/json&apos;: &apos;{&quot;error&quot;: &quot;Elemento não encontrado&quot;}\n&apos;}}}, &apos;securedBy&apos;: &apos;JWT&apos;}}.get
 +          where {&apos;delete&apos;: {&apos;body&apos;: {&apos;type&apos;: &apos;Group&apos;}, &apos;responses&apos;: {200: {&apos;body&apos;: {&apos;application/json&apos;: &apos;{&quot;mensager&quot;: &quot;Elemento removi...autorizado&quot;}\n&apos;}}, 404: {&apos;body&apos;: {&apos;application/json&apos;: &apos;{&quot;error&quot;: &quot;Elemento não encontrado&quot;}\n&apos;}}}, &apos;securedBy&apos;: &apos;JWT&apos;}} = &lt;built-in method get of dict object at 0x0000023A04FE1D80&gt;(&apos;/{id}&apos;)
 +            where &lt;built-in method get of dict object at 0x0000023A04FE1D80&gt; = {&apos;/{id}&apos;: {&apos;delete&apos;: {&apos;body&apos;: {&apos;type&apos;: &apos;Group&apos;}, &apos;responses&apos;: {200: {&apos;body&apos;: {&apos;application/json&apos;: &apos;{&quot;mensager&quot;: &quot;Eleme...autorizado&quot;}\n&apos;}}, 404: {&apos;body&apos;: {&apos;application/json&apos;: &apos;{&quot;error&quot;: &quot;Elemento não encontrado&quot;}\n&apos;}}}, &apos;securedBy&apos;: &apos;JWT&apos;}}.get
 +              where {&apos;/{id}&apos;: {&apos;delete&apos;: {&apos;body&apos;: {&apos;type&apos;: &apos;Group&apos;}, &apos;responses&apos;: {200: {&apos;body&apos;: {&apos;application/json&apos;: &apos;{&quot;mensager&quot;: &quot;Eleme...autorizado&quot;}\n&apos;}}, 404: {&apos;body&apos;: {&apos;application/json&apos;: &apos;{&quot;error&quot;: &quot;Elemento não encontrado&quot;}\n&apos;}}}, &apos;securedBy&apos;: &apos;JWT&apos;}} = &lt;built-in method get of dict object at 0x0000023A05072640&gt;(&apos;/groups&apos;)
 +                where &lt;built-in method get of dict object at 0x0000023A05072640&gt; = {&apos;/agents&apos;: {&apos;/{id}&apos;: {&apos;delete&apos;: {&apos;body&apos;: {&apos;type&apos;: &apos;Agent&apos;}, &apos;responses&apos;: {200: {&apos;body&apos;: {...}}, 401: {&apos;body&apos;: {...}},...zado&quot;}\n&apos;}}, 404: {&apos;body&apos;: {&apos;application/json&apos;: &apos;{&quot;error&quot;: &quot;Elemento não encontrado&quot;}\n&apos;}}}, &apos;securedBy&apos;: &apos;JWT&apos;}}, ...}.get">E   assert None
     +  where None = &lt;built-in method get of dict object at 0x0000023A04FE5940&gt;(&apos;description&apos;)
     +    where &lt;built-in method get of dict object at 0x0000023A04FE5940&gt; = {&apos;body&apos;: {&apos;type&apos;: &apos;Group&apos;}, &apos;responses&apos;: {200: {&apos;body&apos;: {&apos;application/json&apos;: &apos;{&quot;ok&quot;: &quot;Elemento atualizado com sucesso&quot;... autorizado&quot;}\n&apos;}}, 404: {&apos;body&apos;: {&apos;application/json&apos;: &apos;{&quot;error&quot;: &quot;Elemento não encontrado&quot;}\n&apos;}}}, &apos;securedBy&apos;: &apos;JWT&apos;}.get
     +      where {&apos;body&apos;: {&apos;type&apos;: &apos;Group&apos;}, &apos;responses&apos;: {200: {&apos;body&apos;: {&apos;application/json&apos;: &apos;{&quot;ok&quot;: &quot;Elemento atualizado com sucesso&quot;... autorizado&quot;}\n&apos;}}, 404: {&apos;body&apos;: {&apos;application/json&apos;: &apos;{&quot;error&quot;: &quot;Elemento não encontrado&quot;}\n&apos;}}}, &apos;securedBy&apos;: &apos;JWT&apos;} = &lt;built-in method get of dict object at 0x0000023A04FE5200&gt;(&apos;put&apos;)
     +        where &lt;built-in method get of dict object at 0x0000023A04FE5200&gt; = {&apos;delete&apos;: {&apos;body&apos;: {&apos;type&apos;: &apos;Group&apos;}, &apos;responses&apos;: {200: {&apos;body&apos;: {&apos;application/json&apos;: &apos;{&quot;mensager&quot;: &quot;Elemento removi...autorizado&quot;}\n&apos;}}, 404: {&apos;body&apos;: {&apos;application/json&apos;: &apos;{&quot;error&quot;: &quot;Elemento não encontrado&quot;}\n&apos;}}}, &apos;securedBy&apos;: &apos;JWT&apos;}}.get
     +          where {&apos;delete&apos;: {&apos;body&apos;: {&apos;type&apos;: &apos;Group&apos;}, &apos;responses&apos;: {200: {&apos;body&apos;: {&apos;application/json&apos;: &apos;{&quot;mensager&quot;: &quot;Elemento removi...autorizado&quot;}\n&apos;}}, 404: {&apos;body&apos;: {&apos;application/json&apos;: &apos;{&quot;error&quot;: &quot;Elemento não encontrado&quot;}\n&apos;}}}, &apos;securedBy&apos;: &apos;JWT&apos;}} = &lt;built-in method get of dict object at 0x0000023A04FE1D80&gt;(&apos;/{id}&apos;)
     +            where &lt;built-in method get of dict object at 0x0000023A04FE1D80&gt; = {&apos;/{id}&apos;: {&apos;delete&apos;: {&apos;body&apos;: {&apos;type&apos;: &apos;Group&apos;}, &apos;responses&apos;: {200: {&apos;body&apos;: {&apos;application/json&apos;: &apos;{&quot;mensager&quot;: &quot;Eleme...autorizado&quot;}\n&apos;}}, 404: {&apos;body&apos;: {&apos;application/json&apos;: &apos;{&quot;error&quot;: &quot;Elemento não encontrado&quot;}\n&apos;}}}, &apos;securedBy&apos;: &apos;JWT&apos;}}.get
     +              where {&apos;/{id}&apos;: {&apos;delete&apos;: {&apos;body&apos;: {&apos;type&apos;: &apos;Group&apos;}, &apos;responses&apos;: {200: {&apos;body&apos;: {&apos;application/json&apos;: &apos;{&quot;mensager&quot;: &quot;Eleme...autorizado&quot;}\n&apos;}}, 404: {&apos;body&apos;: {&apos;application/json&apos;: &apos;{&quot;error&quot;: &quot;Elemento não encontrado&quot;}\n&apos;}}}, &apos;securedBy&apos;: &apos;JWT&apos;}} = &lt;built-in method get of dict object at 0x0000023A05072640&gt;(&apos;/groups&apos;)
     +                where &lt;built-in method get of dict object at 0x0000023A05072640&gt; = {&apos;/agents&apos;: {&apos;/{id}&apos;: {&apos;delete&apos;: {&apos;body&apos;: {&apos;type&apos;: &apos;Agent&apos;}, &apos;responses&apos;: {200: {&apos;body&apos;: {...}}, 401: {&apos;body&apos;: {...}},...zado&quot;}\n&apos;}}, 404: {&apos;body&apos;: {&apos;application/json&apos;: &apos;{&quot;error&quot;: &quot;Elemento não encontrado&quot;}\n&apos;}}}, &apos;securedBy&apos;: &apos;JWT&apos;}}, ...}.get</failure></testcase><testcase classname="test_submit" file="test_submit.py" line="884" name="test_2630" time="0.0010917186737060547"></testcase><testcase classname="test_submit" file="test_submit.py" line="888" name="test_2525" time="0.0011258125305175781"></testcase><testcase classname="test_submit" file="test_submit.py" line="892" name="test_2405" time="0.0016021728515625"></testcase><testcase classname="test_submit" file="test_submit.py" line="896" name="test_2255" time="0.0015583038330078125"></testcase><testcase classname="test_submit" file="test_submit.py" line="900" name="test_1577" time="0.0040187835693359375"></testcase><testcase classname="test_submit" file="test_submit.py" line="904" name="test_2090" time="0.008223533630371094"><failure message="assert None
 +  where None = &lt;built-in method get of dict object at 0x0000023A04FE5980&gt;(&apos;description&apos;)
 +    where &lt;built-in method get of dict object at 0x0000023A04FE5980&gt; = {&apos;body&apos;: {&apos;type&apos;: &apos;Group&apos;}, &apos;responses&apos;: {200: {&apos;body&apos;: {&apos;application/json&apos;: &apos;{&quot;mensager&quot;: &quot;Elemento removido com suce... autorizado&quot;}\n&apos;}}, 404: {&apos;body&apos;: {&apos;application/json&apos;: &apos;{&quot;error&quot;: &quot;Elemento não encontrado&quot;}\n&apos;}}}, &apos;securedBy&apos;: &apos;JWT&apos;}.get
 +      where {&apos;body&apos;: {&apos;type&apos;: &apos;Group&apos;}, &apos;responses&apos;: {200: {&apos;body&apos;: {&apos;application/json&apos;: &apos;{&quot;mensager&quot;: &quot;Elemento removido com suce... autorizado&quot;}\n&apos;}}, 404: {&apos;body&apos;: {&apos;application/json&apos;: &apos;{&quot;error&quot;: &quot;Elemento não encontrado&quot;}\n&apos;}}}, &apos;securedBy&apos;: &apos;JWT&apos;} = &lt;built-in method get of dict object at 0x0000023A04FE5200&gt;(&apos;delete&apos;)
 +        where &lt;built-in method get of dict object at 0x0000023A04FE5200&gt; = {&apos;delete&apos;: {&apos;body&apos;: {&apos;type&apos;: &apos;Group&apos;}, &apos;responses&apos;: {200: {&apos;body&apos;: {&apos;application/json&apos;: &apos;{&quot;mensager&quot;: &quot;Elemento removi...autorizado&quot;}\n&apos;}}, 404: {&apos;body&apos;: {&apos;application/json&apos;: &apos;{&quot;error&quot;: &quot;Elemento não encontrado&quot;}\n&apos;}}}, &apos;securedBy&apos;: &apos;JWT&apos;}}.get
 +          where {&apos;delete&apos;: {&apos;body&apos;: {&apos;type&apos;: &apos;Group&apos;}, &apos;responses&apos;: {200: {&apos;body&apos;: {&apos;application/json&apos;: &apos;{&quot;mensager&quot;: &quot;Elemento removi...autorizado&quot;}\n&apos;}}, 404: {&apos;body&apos;: {&apos;application/json&apos;: &apos;{&quot;error&quot;: &quot;Elemento não encontrado&quot;}\n&apos;}}}, &apos;securedBy&apos;: &apos;JWT&apos;}} = &lt;built-in method get of dict object at 0x0000023A04FE1D80&gt;(&apos;/{id}&apos;)
 +            where &lt;built-in method get of dict object at 0x0000023A04FE1D80&gt; = {&apos;/{id}&apos;: {&apos;delete&apos;: {&apos;body&apos;: {&apos;type&apos;: &apos;Group&apos;}, &apos;responses&apos;: {200: {&apos;body&apos;: {&apos;application/json&apos;: &apos;{&quot;mensager&quot;: &quot;Eleme...autorizado&quot;}\n&apos;}}, 404: {&apos;body&apos;: {&apos;application/json&apos;: &apos;{&quot;error&quot;: &quot;Elemento não encontrado&quot;}\n&apos;}}}, &apos;securedBy&apos;: &apos;JWT&apos;}}.get
 +              where {&apos;/{id}&apos;: {&apos;delete&apos;: {&apos;body&apos;: {&apos;type&apos;: &apos;Group&apos;}, &apos;responses&apos;: {200: {&apos;body&apos;: {&apos;application/json&apos;: &apos;{&quot;mensager&quot;: &quot;Eleme...autorizado&quot;}\n&apos;}}, 404: {&apos;body&apos;: {&apos;application/json&apos;: &apos;{&quot;error&quot;: &quot;Elemento não encontrado&quot;}\n&apos;}}}, &apos;securedBy&apos;: &apos;JWT&apos;}} = &lt;built-in method get of dict object at 0x0000023A05072640&gt;(&apos;/groups&apos;)
 +                where &lt;built-in method get of dict object at 0x0000023A05072640&gt; = {&apos;/agents&apos;: {&apos;/{id}&apos;: {&apos;delete&apos;: {&apos;body&apos;: {&apos;type&apos;: &apos;Agent&apos;}, &apos;responses&apos;: {200: {&apos;body&apos;: {...}}, 401: {&apos;body&apos;: {...}},...zado&quot;}\n&apos;}}, 404: {&apos;body&apos;: {&apos;application/json&apos;: &apos;{&quot;error&quot;: &quot;Elemento não encontrado&quot;}\n&apos;}}}, &apos;securedBy&apos;: &apos;JWT&apos;}}, ...}.get">E   assert None
     +  where None = &lt;built-in method get of dict object at 0x0000023A04FE5980&gt;(&apos;description&apos;)
     +    where &lt;built-in method get of dict object at 0x0000023A04FE5980&gt; = {&apos;body&apos;: {&apos;type&apos;: &apos;Group&apos;}, &apos;responses&apos;: {200: {&apos;body&apos;: {&apos;application/json&apos;: &apos;{&quot;mensager&quot;: &quot;Elemento removido com suce... autorizado&quot;}\n&apos;}}, 404: {&apos;body&apos;: {&apos;application/json&apos;: &apos;{&quot;error&quot;: &quot;Elemento não encontrado&quot;}\n&apos;}}}, &apos;securedBy&apos;: &apos;JWT&apos;}.get
     +      where {&apos;body&apos;: {&apos;type&apos;: &apos;Group&apos;}, &apos;responses&apos;: {200: {&apos;body&apos;: {&apos;application/json&apos;: &apos;{&quot;mensager&quot;: &quot;Elemento removido com suce... autorizado&quot;}\n&apos;}}, 404: {&apos;body&apos;: {&apos;application/json&apos;: &apos;{&quot;error&quot;: &quot;Elemento não encontrado&quot;}\n&apos;}}}, &apos;securedBy&apos;: &apos;JWT&apos;} = &lt;built-in method get of dict object at 0x0000023A04FE5200&gt;(&apos;delete&apos;)
     +        where &lt;built-in method get of dict object at 0x0000023A04FE5200&gt; = {&apos;delete&apos;: {&apos;body&apos;: {&apos;type&apos;: &apos;Group&apos;}, &apos;responses&apos;: {200: {&apos;body&apos;: {&apos;application/json&apos;: &apos;{&quot;mensager&quot;: &quot;Elemento removi...autorizado&quot;}\n&apos;}}, 404: {&apos;body&apos;: {&apos;application/json&apos;: &apos;{&quot;error&quot;: &quot;Elemento não encontrado&quot;}\n&apos;}}}, &apos;securedBy&apos;: &apos;JWT&apos;}}.get
     +          where {&apos;delete&apos;: {&apos;body&apos;: {&apos;type&apos;: &apos;Group&apos;}, &apos;responses&apos;: {200: {&apos;body&apos;: {&apos;application/json&apos;: &apos;{&quot;mensager&quot;: &quot;Elemento removi...autorizado&quot;}\n&apos;}}, 404: {&apos;body&apos;: {&apos;application/json&apos;: &apos;{&quot;error&quot;: &quot;Elemento não encontrado&quot;}\n&apos;}}}, &apos;securedBy&apos;: &apos;JWT&apos;}} = &lt;built-in method get of dict object at 0x0000023A04FE1D80&gt;(&apos;/{id}&apos;)
     +            where &lt;built-in method get of dict object at 0x0000023A04FE1D80&gt; = {&apos;/{id}&apos;: {&apos;delete&apos;: {&apos;body&apos;: {&apos;type&apos;: &apos;Group&apos;}, &apos;responses&apos;: {200: {&apos;body&apos;: {&apos;application/json&apos;: &apos;{&quot;mensager&quot;: &quot;Eleme...autorizado&quot;}\n&apos;}}, 404: {&apos;body&apos;: {&apos;application/json&apos;: &apos;{&quot;error&quot;: &quot;Elemento não encontrado&quot;}\n&apos;}}}, &apos;securedBy&apos;: &apos;JWT&apos;}}.get
     +              where {&apos;/{id}&apos;: {&apos;delete&apos;: {&apos;body&apos;: {&apos;type&apos;: &apos;Group&apos;}, &apos;responses&apos;: {200: {&apos;body&apos;: {&apos;application/json&apos;: &apos;{&quot;mensager&quot;: &quot;Eleme...autorizado&quot;}\n&apos;}}, 404: {&apos;body&apos;: {&apos;application/json&apos;: &apos;{&quot;error&quot;: &quot;Elemento não encontrado&quot;}\n&apos;}}}, &apos;securedBy&apos;: &apos;JWT&apos;}} = &lt;built-in method get of dict object at 0x0000023A05072640&gt;(&apos;/groups&apos;)
     +                where &lt;built-in method get of dict object at 0x0000023A05072640&gt; = {&apos;/agents&apos;: {&apos;/{id}&apos;: {&apos;delete&apos;: {&apos;body&apos;: {&apos;type&apos;: &apos;Agent&apos;}, &apos;responses&apos;: {200: {&apos;body&apos;: {...}}, 401: {&apos;body&apos;: {...}},...zado&quot;}\n&apos;}}, 404: {&apos;body&apos;: {&apos;application/json&apos;: &apos;{&quot;error&quot;: &quot;Elemento não encontrado&quot;}\n&apos;}}}, &apos;securedBy&apos;: &apos;JWT&apos;}}, ...}.get</failure></testcase><testcase classname="test_submit" file="test_submit.py" line="908" name="test_2960" time="0.004486799240112305"></testcase><testcase classname="test_submit" file="test_submit.py" line="912" name="test_2260" time="0.0011820793151855469"></testcase></testsuite>